mode: set
github.com/cccteam/ccc/resource/buffering.go:20.94,27.2 1 1
github.com/cccteam/ccc/resource/buffering.go:29.80,32.66 2 1
github.com/cccteam/ccc/resource/buffering.go:32.66,33.40 1 1
github.com/cccteam/ccc/resource/buffering.go:33.40,35.4 1 1
github.com/cccteam/ccc/resource/buffering.go:38.2,38.12 1 1
github.com/cccteam/ccc/resource/buffering.go:41.59,42.25 1 1
github.com/cccteam/ccc/resource/buffering.go:42.25,44.3 1 1
github.com/cccteam/ccc/resource/buffering.go:46.2,46.82 1 1
github.com/cccteam/ccc/resource/buffering.go:46.82,47.32 1 1
github.com/cccteam/ccc/resource/buffering.go:47.32,48.69 1 1
github.com/cccteam/ccc/resource/buffering.go:48.69,50.5 1 1
github.com/cccteam/ccc/resource/buffering.go:53.3,53.13 1 1
github.com/cccteam/ccc/resource/buffering.go:54.17,56.3 1 1
github.com/cccteam/ccc/resource/buffering.go:58.2,60.12 2 1
github.com/cccteam/ccc/resource/clone.go:11.59,14.29 2 1
github.com/cccteam/ccc/resource/clone.go:15.20,16.52 1 1
github.com/cccteam/ccc/resource/clone.go:16.52,18.4 1 0
github.com/cccteam/ccc/resource/clone.go:19.10,21.17 2 1
github.com/cccteam/ccc/resource/clone.go:21.17,23.4 1 0
github.com/cccteam/ccc/resource/clone.go:24.3,24.40 1 1
github.com/cccteam/ccc/resource/clone.go:24.40,26.4 1 0
github.com/cccteam/ccc/resource/clone.go:27.3,28.19 2 1
github.com/cccteam/ccc/resource/clone.go:31.2,31.16 1 1
github.com/cccteam/ccc/resource/clone.go:38.37,40.2 1 0
github.com/cccteam/ccc/resource/collection.go:18.124,19.33 1 0
github.com/cccteam/ccc/resource/collection.go:19.33,21.3 1 0
github.com/cccteam/ccc/resource/collection.go:23.2,29.42 5 0
github.com/cccteam/ccc/resource/collection.go:29.42,30.64 1 0
github.com/cccteam/ccc/resource/collection.go:30.64,32.4 1 0
github.com/cccteam/ccc/resource/collection.go:35.2,35.35 1 0
github.com/cccteam/ccc/resource/collection.go:35.35,36.31 1 0
github.com/cccteam/ccc/resource/collection.go:36.31,38.4 1 0
github.com/cccteam/ccc/resource/collection.go:40.3,40.89 1 0
github.com/cccteam/ccc/resource/collection.go:43.2,43.40 1 0
github.com/cccteam/ccc/resource/collection.go:43.40,44.45 1 0
github.com/cccteam/ccc/resource/collection.go:44.45,46.48 2 0
github.com/cccteam/ccc/resource/collection.go:46.48,48.5 1 0
github.com/cccteam/ccc/resource/collection.go:50.4,50.48 1 0
github.com/cccteam/ccc/resource/collection.go:50.48,52.5 1 0
github.com/cccteam/ccc/resource/collection.go:52.10,54.5 1 0
github.com/cccteam/ccc/resource/collection.go:58.2,58.44 1 0
github.com/cccteam/ccc/resource/collection.go:58.44,60.3 1 0
github.com/cccteam/ccc/resource/collection.go:62.2,64.12 2 0
github.com/cccteam/ccc/resource/collection.go:74.34,75.33 1 1
github.com/cccteam/ccc/resource/collection.go:75.33,77.3 1 1
github.com/cccteam/ccc/resource/collection.go:79.2,83.3 1 0
github.com/cccteam/ccc/resource/collection.go:86.136,88.2 1 1
github.com/cccteam/ccc/resource/collection.go:90.142,92.2 1 1
github.com/cccteam/ccc/resource/collection.go:94.161,95.46 1 1
github.com/cccteam/ccc/resource/collection.go:95.46,97.3 1 1
github.com/cccteam/ccc/resource/collection.go:99.2,99.33 1 1
github.com/cccteam/ccc/resource/collection.go:99.33,101.3 1 1
github.com/cccteam/ccc/resource/collection.go:103.2,106.74 3 0
github.com/cccteam/ccc/resource/collection.go:109.169,110.33 1 0
github.com/cccteam/ccc/resource/collection.go:110.33,111.73 1 0
github.com/cccteam/ccc/resource/collection.go:111.73,113.4 1 0
github.com/cccteam/ccc/resource/collection.go:116.2,116.35 1 0
github.com/cccteam/ccc/resource/collection.go:116.35,118.3 1 0
github.com/cccteam/ccc/resource/collection.go:120.2,122.12 2 0
github.com/cccteam/ccc/resource/collection.go:125.108,130.2 3 1
github.com/cccteam/ccc/resource/collection.go:132.61,137.41 4 1
github.com/cccteam/ccc/resource/collection.go:137.41,138.32 1 1
github.com/cccteam/ccc/resource/collection.go:138.32,140.4 1 1
github.com/cccteam/ccc/resource/collection.go:142.2,142.36 1 1
github.com/cccteam/ccc/resource/collection.go:142.36,143.31 1 1
github.com/cccteam/ccc/resource/collection.go:143.31,144.31 1 1
github.com/cccteam/ccc/resource/collection.go:144.31,146.5 1 1
github.com/cccteam/ccc/resource/collection.go:149.2,151.36 2 1
github.com/cccteam/ccc/resource/collection.go:154.69,159.41 4 1
github.com/cccteam/ccc/resource/collection.go:159.41,160.32 1 1
github.com/cccteam/ccc/resource/collection.go:160.32,162.4 1 1
github.com/cccteam/ccc/resource/collection.go:164.2,164.36 1 1
github.com/cccteam/ccc/resource/collection.go:164.36,165.31 1 0
github.com/cccteam/ccc/resource/collection.go:165.31,166.31 1 0
github.com/cccteam/ccc/resource/collection.go:166.31,168.5 1 0
github.com/cccteam/ccc/resource/collection.go:171.2,174.35 3 1
github.com/cccteam/ccc/resource/collection.go:174.35,175.34 1 1
github.com/cccteam/ccc/resource/collection.go:175.34,177.4 1 1
github.com/cccteam/ccc/resource/collection.go:179.2,181.44 2 1
github.com/cccteam/ccc/resource/collection.go:184.57,189.41 4 1
github.com/cccteam/ccc/resource/collection.go:189.41,190.45 1 1
github.com/cccteam/ccc/resource/collection.go:190.45,191.57 1 1
github.com/cccteam/ccc/resource/collection.go:191.57,192.13 1 1
github.com/cccteam/ccc/resource/collection.go:195.4,195.43 1 1
github.com/cccteam/ccc/resource/collection.go:199.2,201.34 2 1
github.com/cccteam/ccc/resource/collection.go:204.66,208.41 3 1
github.com/cccteam/ccc/resource/collection.go:208.41,209.45 1 1
github.com/cccteam/ccc/resource/collection.go:209.45,210.57 1 1
github.com/cccteam/ccc/resource/collection.go:210.57,211.13 1 1
github.com/cccteam/ccc/resource/collection.go:213.4,213.21 1 1
github.com/cccteam/ccc/resource/collection.go:213.21,215.5 1 1
github.com/cccteam/ccc/resource/collection.go:219.2,219.14 1 1
github.com/cccteam/ccc/resource/collection.go:222.72,228.38 4 1
github.com/cccteam/ccc/resource/collection.go:228.38,229.40 1 1
github.com/cccteam/ccc/resource/collection.go:229.40,230.26 1 1
github.com/cccteam/ccc/resource/collection.go:230.26,233.5 2 1
github.com/cccteam/ccc/resource/collection.go:237.2,237.21 1 1
github.com/cccteam/ccc/resource/collection.go:240.60,248.91 6 1
github.com/cccteam/ccc/resource/collection.go:248.91,250.36 2 0
github.com/cccteam/ccc/resource/collection.go:250.36,253.4 2 0
github.com/cccteam/ccc/resource/collection.go:256.2,256.40 1 1
github.com/cccteam/ccc/resource/collection.go:256.40,257.44 1 0
github.com/cccteam/ccc/resource/collection.go:257.44,258.57 1 0
github.com/cccteam/ccc/resource/collection.go:258.57,259.13 1 0
github.com/cccteam/ccc/resource/collection.go:262.4,263.43 2 0
github.com/cccteam/ccc/resource/collection.go:267.2,267.35 1 1
github.com/cccteam/ccc/resource/collection.go:267.35,268.39 1 0
github.com/cccteam/ccc/resource/collection.go:268.39,269.41 1 0
github.com/cccteam/ccc/resource/collection.go:269.41,270.58 1 0
github.com/cccteam/ccc/resource/collection.go:270.58,271.14 1 0
github.com/cccteam/ccc/resource/collection.go:274.5,275.65 2 0
github.com/cccteam/ccc/resource/collection.go:280.2,280.34 1 1
github.com/cccteam/ccc/resource/collection.go:280.34,281.29 1 0
github.com/cccteam/ccc/resource/collection.go:281.29,282.45 1 0
github.com/cccteam/ccc/resource/collection.go:282.45,284.5 1 0
github.com/cccteam/ccc/resource/collection.go:288.2,288.16 1 1
github.com/cccteam/ccc/resource/collection.go:291.62,293.38 2 1
github.com/cccteam/ccc/resource/collection.go:293.38,295.3 1 1
github.com/cccteam/ccc/resource/collection.go:297.2,297.16 1 1
github.com/cccteam/ccc/resource/collection.go:300.79,305.40 4 0
github.com/cccteam/ccc/resource/collection.go:305.40,306.44 1 0
github.com/cccteam/ccc/resource/collection.go:306.44,307.43 1 0
github.com/cccteam/ccc/resource/collection.go:307.43,309.5 1 0
github.com/cccteam/ccc/resource/collection.go:313.2,313.35 1 0
github.com/cccteam/ccc/resource/collection.go:313.35,314.37 1 0
github.com/cccteam/ccc/resource/collection.go:314.37,315.39 1 0
github.com/cccteam/ccc/resource/collection.go:315.39,316.44 1 0
github.com/cccteam/ccc/resource/collection.go:316.44,318.6 1 0
github.com/cccteam/ccc/resource/collection.go:323.2,323.28 1 0
github.com/cccteam/ccc/resource/collection.go:326.87,330.44 3 1
github.com/cccteam/ccc/resource/collection.go:330.44,331.35 1 1
github.com/cccteam/ccc/resource/collection.go:331.35,333.4 1 1
github.com/cccteam/ccc/resource/collection.go:336.2,336.39 1 1
github.com/cccteam/ccc/resource/collection.go:336.39,338.31 2 1
github.com/cccteam/ccc/resource/collection.go:338.31,340.4 1 1
github.com/cccteam/ccc/resource/collection.go:343.2,343.11 1 1
github.com/cccteam/ccc/resource/collection.go:346.54,355.2 1 1
github.com/cccteam/ccc/resource/decoder.go:35.116,38.16 3 0
github.com/cccteam/ccc/resource/decoder.go:38.16,40.3 1 0
github.com/cccteam/ccc/resource/decoder.go:42.2,45.8 1 0
github.com/cccteam/ccc/resource/decoder.go:48.97,53.2 3 0
github.com/cccteam/ccc/resource/decoder.go:55.115,57.16 2 0
github.com/cccteam/ccc/resource/decoder.go:57.16,59.3 1 0
github.com/cccteam/ccc/resource/decoder.go:61.2,61.15 1 0
github.com/cccteam/ccc/resource/decoder.go:64.173,66.16 2 0
github.com/cccteam/ccc/resource/decoder.go:66.16,68.3 1 0
github.com/cccteam/ccc/resource/decoder.go:70.2,72.15 2 0
github.com/cccteam/ccc/resource/decoder.go:75.118,76.34 1 0
github.com/cccteam/ccc/resource/decoder.go:76.34,78.3 1 0
github.com/cccteam/ccc/resource/decoder.go:80.2,81.16 2 0
github.com/cccteam/ccc/resource/decoder.go:81.16,83.3 1 0
github.com/cccteam/ccc/resource/decoder.go:85.2,85.22 1 0
github.com/cccteam/ccc/resource/decoder.go:88.133,89.34 1 0
github.com/cccteam/ccc/resource/decoder.go:89.34,91.3 1 0
github.com/cccteam/ccc/resource/decoder.go:93.2,94.16 2 0
github.com/cccteam/ccc/resource/decoder.go:94.16,96.3 1 0
github.com/cccteam/ccc/resource/decoder.go:98.2,98.22 1 0
github.com/cccteam/ccc/resource/decoder.go:101.235,109.12 7 1
github.com/cccteam/ccc/resource/decoder.go:109.12,112.3 2 1
github.com/cccteam/ccc/resource/decoder.go:114.2,115.62 2 1
github.com/cccteam/ccc/resource/decoder.go:115.62,117.3 1 1
github.com/cccteam/ccc/resource/decoder.go:119.2,120.16 2 1
github.com/cccteam/ccc/resource/decoder.go:120.16,122.3 1 0
github.com/cccteam/ccc/resource/decoder.go:124.2,125.34 2 1
github.com/cccteam/ccc/resource/decoder.go:125.34,127.3 1 1
github.com/cccteam/ccc/resource/decoder.go:129.2,130.34 2 1
github.com/cccteam/ccc/resource/decoder.go:130.34,131.42 1 1
github.com/cccteam/ccc/resource/decoder.go:131.42,132.75 1 0
github.com/cccteam/ccc/resource/decoder.go:132.75,134.5 1 0
github.com/cccteam/ccc/resource/decoder.go:137.3,138.10 2 1
github.com/cccteam/ccc/resource/decoder.go:138.10,140.11 2 0
github.com/cccteam/ccc/resource/decoder.go:140.11,142.5 1 0
github.com/cccteam/ccc/resource/decoder.go:145.3,146.19 2 1
github.com/cccteam/ccc/resource/decoder.go:146.19,148.4 1 0
github.com/cccteam/ccc/resource/decoder.go:150.3,150.38 1 1
github.com/cccteam/ccc/resource/decoder.go:150.38,152.4 1 0
github.com/cccteam/ccc/resource/decoder.go:153.3,153.29 1 1
github.com/cccteam/ccc/resource/decoder.go:156.2,159.57 2 1
github.com/cccteam/ccc/resource/decoder.go:159.57,161.38 2 1
github.com/cccteam/ccc/resource/decoder.go:161.38,163.4 1 1
github.com/cccteam/ccc/resource/decoder.go:166.2,166.21 1 1
github.com/cccteam/ccc/resource/decoder.go:166.21,167.21 1 1
github.com/cccteam/ccc/resource/decoder.go:168.25,170.44 2 0
github.com/cccteam/ccc/resource/decoder.go:170.44,172.5 1 0
github.com/cccteam/ccc/resource/decoder.go:173.4,173.69 1 0
github.com/cccteam/ccc/resource/decoder.go:173.69,175.5 1 0
github.com/cccteam/ccc/resource/decoder.go:176.11,177.51 1 1
github.com/cccteam/ccc/resource/decoder.go:177.51,179.5 1 1
github.com/cccteam/ccc/resource/decoder.go:183.2,183.31 1 1
github.com/cccteam/ccc/resource/dml.go:43.49,47.2 2 1
github.com/cccteam/ccc/resource/dml.go:49.75,53.2 2 1
github.com/cccteam/ccc/resource/dml.go:55.59,59.2 2 1
github.com/cccteam/ccc/resource/eventsource.go:10.44,14.2 2 1
github.com/cccteam/ccc/resource/eventsource.go:16.46,18.2 1 1
github.com/cccteam/ccc/resource/eventsource.go:20.71,22.2 1 1
github.com/cccteam/ccc/resource/fieldmapper.go:16.64,18.16 2 1
github.com/cccteam/ccc/resource/fieldmapper.go:18.16,20.3 1 1
github.com/cccteam/ccc/resource/fieldmapper.go:22.2,25.8 1 1
github.com/cccteam/ccc/resource/fieldmapper.go:28.88,32.2 2 1
github.com/cccteam/ccc/resource/fieldmapper.go:34.40,36.2 1 1
github.com/cccteam/ccc/resource/fieldmapper.go:38.59,40.2 1 1
github.com/cccteam/ccc/resource/fieldmapper.go:42.86,45.33 2 1
github.com/cccteam/ccc/resource/fieldmapper.go:45.33,47.3 1 1
github.com/cccteam/ccc/resource/fieldmapper.go:48.2,48.36 1 1
github.com/cccteam/ccc/resource/fieldmapper.go:48.36,50.3 1 1
github.com/cccteam/ccc/resource/fieldmapper.go:52.2,54.53 3 1
github.com/cccteam/ccc/resource/fieldmapper.go:54.53,56.16 2 1
github.com/cccteam/ccc/resource/fieldmapper.go:56.16,57.38 1 1
github.com/cccteam/ccc/resource/fieldmapper.go:57.38,59.5 1 0
github.com/cccteam/ccc/resource/fieldmapper.go:60.4,62.83 3 1
github.com/cccteam/ccc/resource/fieldmapper.go:62.83,63.43 1 1
github.com/cccteam/ccc/resource/fieldmapper.go:63.43,65.6 1 1
github.com/cccteam/ccc/resource/fieldmapper.go:66.5,66.58 1 1
github.com/cccteam/ccc/resource/fieldmapper.go:69.4,69.12 1 1
github.com/cccteam/ccc/resource/fieldmapper.go:72.3,72.55 1 1
github.com/cccteam/ccc/resource/fieldmapper.go:72.55,74.4 1 1
github.com/cccteam/ccc/resource/fieldmapper.go:76.3,76.17 1 1
github.com/cccteam/ccc/resource/fieldmapper.go:76.17,77.12 1 1
github.com/cccteam/ccc/resource/fieldmapper.go:80.3,80.30 1 1
github.com/cccteam/ccc/resource/fieldmapper.go:80.30,82.4 1 0
github.com/cccteam/ccc/resource/fieldmapper.go:83.3,84.57 2 1
github.com/cccteam/ccc/resource/fieldmapper.go:87.2,87.27 1 1
github.com/cccteam/ccc/resource/fieldset.go:10.30,14.2 1 1
github.com/cccteam/ccc/resource/fieldset.go:16.60,17.39 1 1
github.com/cccteam/ccc/resource/fieldset.go:17.39,19.3 1 1
github.com/cccteam/ccc/resource/fieldset.go:20.2,20.23 1 1
github.com/cccteam/ccc/resource/fieldset.go:23.53,25.2 1 1
github.com/cccteam/ccc/resource/fieldset.go:27.36,29.33 2 1
github.com/cccteam/ccc/resource/fieldset.go:29.33,31.3 1 1
github.com/cccteam/ccc/resource/fieldset.go:33.2,33.13 1 1
github.com/cccteam/ccc/resource/fieldset.go:36.56,39.2 2 0
github.com/cccteam/ccc/resource/filterparser.go:52.36,57.2 1 1
github.com/cccteam/ccc/resource/filterparser.go:59.44,60.27 1 1
github.com/cccteam/ccc/resource/filterparser.go:60.27,62.3 1 1
github.com/cccteam/ccc/resource/filterparser.go:64.2,64.24 1 1
github.com/cccteam/ccc/resource/filterparser.go:65.11,68.51 2 1
github.com/cccteam/ccc/resource/filterparser.go:69.11,72.51 2 1
github.com/cccteam/ccc/resource/filterparser.go:73.11,76.50 2 1
github.com/cccteam/ccc/resource/filterparser.go:77.11,80.49 2 1
github.com/cccteam/ccc/resource/filterparser.go:83.2,86.40 3 1
github.com/cccteam/ccc/resource/filterparser.go:86.40,88.21 2 1
github.com/cccteam/ccc/resource/filterparser.go:89.12,91.22 2 1
github.com/cccteam/ccc/resource/filterparser.go:91.22,93.5 1 1
github.com/cccteam/ccc/resource/filterparser.go:94.12,95.22 1 1
github.com/cccteam/ccc/resource/filterparser.go:95.22,98.13 2 1
github.com/cccteam/ccc/resource/filterparser.go:100.4,102.14 2 1
github.com/cccteam/ccc/resource/filterparser.go:103.17,104.22 1 1
github.com/cccteam/ccc/resource/filterparser.go:104.22,105.13 1 1
github.com/cccteam/ccc/resource/filterparser.go:107.4,109.14 2 1
github.com/cccteam/ccc/resource/filterparser.go:113.2,113.70 1 1
github.com/cccteam/ccc/resource/filterparser.go:137.42,138.27 1 1
github.com/cccteam/ccc/resource/filterparser.go:138.27,140.3 1 1
github.com/cccteam/ccc/resource/filterparser.go:141.2,141.34 1 1
github.com/cccteam/ccc/resource/filterparser.go:141.34,143.41 2 1
github.com/cccteam/ccc/resource/filterparser.go:143.41,145.4 1 1
github.com/cccteam/ccc/resource/filterparser.go:146.3,146.108 1 1
github.com/cccteam/ccc/resource/filterparser.go:148.2,148.95 1 1
github.com/cccteam/ccc/resource/filterparser.go:167.42,169.2 1 1
github.com/cccteam/ccc/resource/filterparser.go:177.38,179.2 1 1
github.com/cccteam/ccc/resource/filterparser.go:203.85,220.36 6 1
github.com/cccteam/ccc/resource/filterparser.go:220.36,222.3 1 0
github.com/cccteam/ccc/resource/filterparser.go:223.2,223.36 1 1
github.com/cccteam/ccc/resource/filterparser.go:223.36,225.3 1 0
github.com/cccteam/ccc/resource/filterparser.go:227.2,227.15 1 1
github.com/cccteam/ccc/resource/filterparser.go:231.50,232.59 1 1
github.com/cccteam/ccc/resource/filterparser.go:232.59,234.3 1 1
github.com/cccteam/ccc/resource/filterparser.go:236.2,237.16 2 1
github.com/cccteam/ccc/resource/filterparser.go:237.16,239.3 1 1
github.com/cccteam/ccc/resource/filterparser.go:241.2,241.29 1 1
github.com/cccteam/ccc/resource/filterparser.go:241.29,243.3 1 1
github.com/cccteam/ccc/resource/filterparser.go:245.2,245.24 1 1
github.com/cccteam/ccc/resource/filterparser.go:248.34,252.16 4 1
github.com/cccteam/ccc/resource/filterparser.go:252.16,254.3 1 0
github.com/cccteam/ccc/resource/filterparser.go:256.2,256.12 1 1
github.com/cccteam/ccc/resource/filterparser.go:259.48,260.22 1 1
github.com/cccteam/ccc/resource/filterparser.go:260.22,262.3 1 1
github.com/cccteam/ccc/resource/filterparser.go:264.2,264.130 1 1
github.com/cccteam/ccc/resource/filterparser.go:267.60,269.19 2 1
github.com/cccteam/ccc/resource/filterparser.go:269.19,271.3 1 1
github.com/cccteam/ccc/resource/filterparser.go:273.2,274.16 2 1
github.com/cccteam/ccc/resource/filterparser.go:274.16,276.3 1 1
github.com/cccteam/ccc/resource/filterparser.go:278.2,278.60 1 1
github.com/cccteam/ccc/resource/filterparser.go:278.60,280.19 2 1
github.com/cccteam/ccc/resource/filterparser.go:280.19,285.4 1 0
github.com/cccteam/ccc/resource/filterparser.go:286.3,286.37 1 1
github.com/cccteam/ccc/resource/filterparser.go:286.37,288.4 1 0
github.com/cccteam/ccc/resource/filterparser.go:289.3,290.17 2 1
github.com/cccteam/ccc/resource/filterparser.go:290.17,292.4 1 1
github.com/cccteam/ccc/resource/filterparser.go:295.2,295.21 1 1
github.com/cccteam/ccc/resource/filterparser.go:298.84,303.24 2 1
github.com/cccteam/ccc/resource/filterparser.go:304.18,305.30 1 1
github.com/cccteam/ccc/resource/filterparser.go:306.17,307.29 1 1
github.com/cccteam/ccc/resource/filterparser.go:308.10,309.105 1 0
github.com/cccteam/ccc/resource/filterparser.go:312.2,312.36 1 1
github.com/cccteam/ccc/resource/filterparser.go:312.36,314.3 1 0
github.com/cccteam/ccc/resource/filterparser.go:315.2,317.16 3 1
github.com/cccteam/ccc/resource/filterparser.go:317.16,319.3 1 1
github.com/cccteam/ccc/resource/filterparser.go:320.2,320.23 1 1
github.com/cccteam/ccc/resource/filterparser.go:320.23,322.3 1 0
github.com/cccteam/ccc/resource/filterparser.go:324.2,324.18 1 1
github.com/cccteam/ccc/resource/filterparser.go:327.64,329.20 2 1
github.com/cccteam/ccc/resource/filterparser.go:329.20,331.3 1 0
github.com/cccteam/ccc/resource/filterparser.go:333.2,334.25 2 1
github.com/cccteam/ccc/resource/filterparser.go:334.25,336.3 1 1
github.com/cccteam/ccc/resource/filterparser.go:338.2,339.12 2 1
github.com/cccteam/ccc/resource/filterparser.go:339.12,341.3 1 1
github.com/cccteam/ccc/resource/filterparser.go:343.2,348.28 2 1
github.com/cccteam/ccc/resource/filterparser.go:349.29,350.58 1 1
github.com/cccteam/ccc/resource/filterparser.go:350.58,352.4 1 1
github.com/cccteam/ccc/resource/filterparser.go:353.3,353.28 1 1
github.com/cccteam/ccc/resource/filterparser.go:354.21,355.21 1 1
github.com/cccteam/ccc/resource/filterparser.go:355.21,357.4 1 0
github.com/cccteam/ccc/resource/filterparser.go:358.3,359.75 2 1
github.com/cccteam/ccc/resource/filterparser.go:359.75,361.4 1 1
github.com/cccteam/ccc/resource/filterparser.go:362.3,363.20 2 1
github.com/cccteam/ccc/resource/filterparser.go:363.20,365.4 1 1
github.com/cccteam/ccc/resource/filterparser.go:366.3,368.28 3 1
github.com/cccteam/ccc/resource/filterparser.go:368.28,370.21 2 1
github.com/cccteam/ccc/resource/filterparser.go:370.21,372.5 1 1
github.com/cccteam/ccc/resource/filterparser.go:374.4,375.64 2 1
github.com/cccteam/ccc/resource/filterparser.go:375.64,376.35 1 1
github.com/cccteam/ccc/resource/filterparser.go:376.35,378.6 1 0
github.com/cccteam/ccc/resource/filterparser.go:379.5,379.50 1 1
github.com/cccteam/ccc/resource/filterparser.go:382.4,383.18 2 1
github.com/cccteam/ccc/resource/filterparser.go:383.18,385.5 1 0
github.com/cccteam/ccc/resource/filterparser.go:386.4,386.59 1 1
github.com/cccteam/ccc/resource/filterparser.go:388.44,389.21 1 1
github.com/cccteam/ccc/resource/filterparser.go:389.21,391.4 1 1
github.com/cccteam/ccc/resource/filterparser.go:392.3,394.17 3 1
github.com/cccteam/ccc/resource/filterparser.go:394.17,396.4 1 1
github.com/cccteam/ccc/resource/filterparser.go:397.3,397.31 1 1
github.com/cccteam/ccc/resource/filterparser.go:398.10,399.152 1 1
github.com/cccteam/ccc/resource/filterparser.go:402.2,402.50 1 1
github.com/cccteam/ccc/resource/filterparser.go:406.80,407.14 1 1
github.com/cccteam/ccc/resource/filterparser.go:408.38,409.23 1 1
github.com/cccteam/ccc/resource/filterparser.go:410.78,412.17 2 1
github.com/cccteam/ccc/resource/filterparser.go:412.17,414.4 1 1
github.com/cccteam/ccc/resource/filterparser.go:415.3,415.16 1 1
github.com/cccteam/ccc/resource/filterparser.go:416.20,418.17 2 1
github.com/cccteam/ccc/resource/filterparser.go:418.17,420.4 1 1
github.com/cccteam/ccc/resource/filterparser.go:421.3,421.16 1 1
github.com/cccteam/ccc/resource/filterparser.go:422.40,424.17 2 1
github.com/cccteam/ccc/resource/filterparser.go:424.17,426.4 1 1
github.com/cccteam/ccc/resource/filterparser.go:427.3,427.30 1 1
github.com/cccteam/ccc/resource/filterparser.go:427.30,429.4 1 0
github.com/cccteam/ccc/resource/filterparser.go:430.3,430.16 1 1
github.com/cccteam/ccc/resource/filterparser.go:431.10,432.102 1 0
github.com/cccteam/ccc/resource/filterparser.go:436.67,437.36 1 1
github.com/cccteam/ccc/resource/filterparser.go:437.36,439.3 1 0
github.com/cccteam/ccc/resource/filterparser.go:441.2,441.35 1 1
github.com/cccteam/ccc/resource/filterparser.go:441.35,443.3 1 1
github.com/cccteam/ccc/resource/filterparser.go:445.2,446.16 2 1
github.com/cccteam/ccc/resource/filterparser.go:446.16,448.3 1 1
github.com/cccteam/ccc/resource/filterparser.go:450.2,450.50 1 1
github.com/cccteam/ccc/resource/filterparser.go:450.50,452.3 1 1
github.com/cccteam/ccc/resource/filterparser.go:454.2,454.48 1 1
github.com/cccteam/ccc/resource/keyset.go:24.62,31.2 2 1
github.com/cccteam/ccc/resource/keyset.go:33.32,34.26 1 0
github.com/cccteam/ccc/resource/keyset.go:34.26,36.3 1 0
github.com/cccteam/ccc/resource/keyset.go:38.2,39.31 2 0
github.com/cccteam/ccc/resource/keyset.go:39.31,41.3 1 0
github.com/cccteam/ccc/resource/keyset.go:43.2,43.24 1 0
github.com/cccteam/ccc/resource/keyset.go:46.41,48.31 2 0
github.com/cccteam/ccc/resource/keyset.go:48.31,50.3 1 0
github.com/cccteam/ccc/resource/keyset.go:52.2,52.13 1 0
github.com/cccteam/ccc/resource/keyset.go:55.52,57.37 2 0
github.com/cccteam/ccc/resource/keyset.go:57.37,59.3 1 0
github.com/cccteam/ccc/resource/keyset.go:61.2,61.16 1 0
github.com/cccteam/ccc/resource/keyset.go:64.35,66.2 1 0
github.com/cccteam/ccc/resource/keyset.go:68.27,70.2 1 0
github.com/cccteam/ccc/resource/keyset.go:72.44,74.37 2 0
github.com/cccteam/ccc/resource/keyset.go:74.37,76.3 1 0
github.com/cccteam/ccc/resource/keyset.go:78.2,78.14 1 0
github.com/cccteam/ccc/resource/link.go:16.44,18.2 1 1
github.com/cccteam/ccc/resource/link.go:20.45,22.25 2 1
github.com/cccteam/ccc/resource/link.go:23.14,24.14 1 1
github.com/cccteam/ccc/resource/link.go:25.10,26.72 1 1
github.com/cccteam/ccc/resource/link.go:29.2,29.57 1 1
github.com/cccteam/ccc/resource/link.go:29.57,31.3 1 0
github.com/cccteam/ccc/resource/link.go:33.2,33.12 1 1
github.com/cccteam/ccc/resource/link.go:36.45,41.16 4 1
github.com/cccteam/ccc/resource/link.go:41.16,43.3 1 0
github.com/cccteam/ccc/resource/link.go:45.2,45.15 1 1
github.com/cccteam/ccc/resource/link.go:48.49,49.17 1 1
github.com/cccteam/ccc/resource/link.go:49.17,51.3 1 1
github.com/cccteam/ccc/resource/link.go:52.2,52.28 1 1
github.com/cccteam/ccc/resource/link.go:52.28,54.3 1 1
github.com/cccteam/ccc/resource/link.go:56.2,59.52 3 1
github.com/cccteam/ccc/resource/link.go:59.52,61.3 1 1
github.com/cccteam/ccc/resource/link.go:63.2,65.12 2 1
github.com/cccteam/ccc/resource/link.go:68.29,70.2 1 1
github.com/cccteam/ccc/resource/link.go:77.49,78.15 1 1
github.com/cccteam/ccc/resource/link.go:78.15,80.3 1 1
github.com/cccteam/ccc/resource/link.go:82.2,82.30 1 1
github.com/cccteam/ccc/resource/link.go:85.50,87.25 2 1
github.com/cccteam/ccc/resource/link.go:88.14,89.14 1 1
github.com/cccteam/ccc/resource/link.go:90.15,91.15 1 1
github.com/cccteam/ccc/resource/link.go:91.15,95.4 2 1
github.com/cccteam/ccc/resource/link.go:96.3,96.15 1 0
github.com/cccteam/ccc/resource/link.go:97.11,100.13 2 1
github.com/cccteam/ccc/resource/link.go:101.10,102.76 1 1
github.com/cccteam/ccc/resource/link.go:105.2,105.58 1 1
github.com/cccteam/ccc/resource/link.go:105.58,107.3 1 0
github.com/cccteam/ccc/resource/link.go:109.2,109.12 1 1
github.com/cccteam/ccc/resource/link.go:112.50,113.15 1 1
github.com/cccteam/ccc/resource/link.go:113.15,115.3 1 1
github.com/cccteam/ccc/resource/link.go:117.2,118.16 2 1
github.com/cccteam/ccc/resource/link.go:118.16,120.3 1 0
github.com/cccteam/ccc/resource/link.go:122.2,122.15 1 1
github.com/cccteam/ccc/resource/link.go:125.54,126.17 1 1
github.com/cccteam/ccc/resource/link.go:126.17,130.3 2 1
github.com/cccteam/ccc/resource/link.go:131.2,131.28 1 1
github.com/cccteam/ccc/resource/link.go:131.28,135.3 2 1
github.com/cccteam/ccc/resource/link.go:137.2,138.49 2 1
github.com/cccteam/ccc/resource/link.go:138.49,140.3 1 1
github.com/cccteam/ccc/resource/link.go:142.2,145.12 3 1
github.com/cccteam/ccc/resource/patchset.go:36.93,43.2 1 1
github.com/cccteam/ccc/resource/patchset.go:45.76,49.2 2 0
github.com/cccteam/ccc/resource/patchset.go:51.52,53.2 1 1
github.com/cccteam/ccc/resource/patchset.go:55.187,59.2 2 0
github.com/cccteam/ccc/resource/patchset.go:61.74,63.2 1 0
github.com/cccteam/ccc/resource/patchset.go:65.90,70.2 3 1
github.com/cccteam/ccc/resource/patchset.go:72.63,74.2 1 1
github.com/cccteam/ccc/resource/patchset.go:76.66,78.2 1 0
github.com/cccteam/ccc/resource/patchset.go:80.93,84.2 2 1
github.com/cccteam/ccc/resource/patchset.go:86.63,88.2 1 0
github.com/cccteam/ccc/resource/patchset.go:90.59,92.2 1 1
github.com/cccteam/ccc/resource/patchset.go:94.40,96.2 1 1
github.com/cccteam/ccc/resource/patchset.go:98.63,100.2 1 1
github.com/cccteam/ccc/resource/patchset.go:102.50,104.2 1 1
github.com/cccteam/ccc/resource/patchset.go:106.44,108.2 1 1
github.com/cccteam/ccc/resource/patchset.go:110.67,111.50 1 0
github.com/cccteam/ccc/resource/patchset.go:111.50,113.3 1 0
github.com/cccteam/ccc/resource/patchset.go:115.2,115.19 1 0
github.com/cccteam/ccc/resource/patchset.go:118.62,120.2 1 0
github.com/cccteam/ccc/resource/patchset.go:122.121,123.21 1 0
github.com/cccteam/ccc/resource/patchset.go:124.23,125.57 1 0
github.com/cccteam/ccc/resource/patchset.go:126.23,127.57 1 0
github.com/cccteam/ccc/resource/patchset.go:128.23,129.57 1 0
github.com/cccteam/ccc/resource/patchset.go:130.10,131.64 1 0
github.com/cccteam/ccc/resource/patchset.go:135.109,136.21 1 0
github.com/cccteam/ccc/resource/patchset.go:137.23,138.57 1 0
github.com/cccteam/ccc/resource/patchset.go:139.23,140.57 1 0
github.com/cccteam/ccc/resource/patchset.go:141.23,142.57 1 0
github.com/cccteam/ccc/resource/patchset.go:143.10,144.64 1 0
github.com/cccteam/ccc/resource/patchset.go:148.114,149.108 1 0
github.com/cccteam/ccc/resource/patchset.go:149.108,150.73 1 0
github.com/cccteam/ccc/resource/patchset.go:150.73,152.4 1 0
github.com/cccteam/ccc/resource/patchset.go:154.3,154.13 1 0
github.com/cccteam/ccc/resource/patchset.go:155.17,157.3 1 0
github.com/cccteam/ccc/resource/patchset.go:159.2,159.12 1 0
github.com/cccteam/ccc/resource/patchset.go:162.114,163.108 1 0
github.com/cccteam/ccc/resource/patchset.go:163.108,164.73 1 0
github.com/cccteam/ccc/resource/patchset.go:164.73,166.4 1 0
github.com/cccteam/ccc/resource/patchset.go:168.3,168.13 1 0
github.com/cccteam/ccc/resource/patchset.go:169.17,171.3 1 0
github.com/cccteam/ccc/resource/patchset.go:173.2,173.12 1 0
github.com/cccteam/ccc/resource/patchset.go:176.121,177.108 1 0
github.com/cccteam/ccc/resource/patchset.go:177.108,178.81 1 0
github.com/cccteam/ccc/resource/patchset.go:178.81,180.4 1 0
github.com/cccteam/ccc/resource/patchset.go:182.3,182.13 1 0
github.com/cccteam/ccc/resource/patchset.go:183.17,185.3 1 0
github.com/cccteam/ccc/resource/patchset.go:187.2,187.12 1 0
github.com/cccteam/ccc/resource/patchset.go:190.114,191.108 1 0
github.com/cccteam/ccc/resource/patchset.go:191.108,192.73 1 0
github.com/cccteam/ccc/resource/patchset.go:192.73,194.4 1 0
github.com/cccteam/ccc/resource/patchset.go:196.3,196.13 1 0
github.com/cccteam/ccc/resource/patchset.go:197.17,199.3 1 0
github.com/cccteam/ccc/resource/patchset.go:201.2,201.12 1 0
github.com/cccteam/ccc/resource/patchset.go:204.115,205.48 1 0
github.com/cccteam/ccc/resource/patchset.go:205.48,207.3 1 0
github.com/cccteam/ccc/resource/patchset.go:209.2,210.16 2 0
github.com/cccteam/ccc/resource/patchset.go:210.16,212.3 1 0
github.com/cccteam/ccc/resource/patchset.go:214.2,214.55 1 0
github.com/cccteam/ccc/resource/patchset.go:214.55,215.22 1 0
github.com/cccteam/ccc/resource/patchset.go:215.22,217.18 2 0
github.com/cccteam/ccc/resource/patchset.go:217.18,219.5 1 0
github.com/cccteam/ccc/resource/patchset.go:220.4,220.19 1 0
github.com/cccteam/ccc/resource/patchset.go:224.2,225.16 2 0
github.com/cccteam/ccc/resource/patchset.go:225.16,227.3 1 0
github.com/cccteam/ccc/resource/patchset.go:228.2,230.64 2 0
github.com/cccteam/ccc/resource/patchset.go:230.64,232.3 1 0
github.com/cccteam/ccc/resource/patchset.go:234.2,234.35 1 0
github.com/cccteam/ccc/resource/patchset.go:234.35,235.71 1 0
github.com/cccteam/ccc/resource/patchset.go:235.71,237.4 1 0
github.com/cccteam/ccc/resource/patchset.go:240.2,240.12 1 0
github.com/cccteam/ccc/resource/patchset.go:243.115,244.48 1 0
github.com/cccteam/ccc/resource/patchset.go:244.48,246.3 1 0
github.com/cccteam/ccc/resource/patchset.go:248.2,249.16 2 0
github.com/cccteam/ccc/resource/patchset.go:249.16,251.3 1 0
github.com/cccteam/ccc/resource/patchset.go:253.2,253.55 1 0
github.com/cccteam/ccc/resource/patchset.go:253.55,254.22 1 0
github.com/cccteam/ccc/resource/patchset.go:254.22,256.18 2 0
github.com/cccteam/ccc/resource/patchset.go:256.18,258.5 1 0
github.com/cccteam/ccc/resource/patchset.go:259.4,259.19 1 0
github.com/cccteam/ccc/resource/patchset.go:263.2,264.16 2 0
github.com/cccteam/ccc/resource/patchset.go:264.16,266.3 1 0
github.com/cccteam/ccc/resource/patchset.go:267.2,269.64 2 0
github.com/cccteam/ccc/resource/patchset.go:269.64,271.3 1 0
github.com/cccteam/ccc/resource/patchset.go:273.2,273.35 1 0
github.com/cccteam/ccc/resource/patchset.go:273.35,274.76 1 0
github.com/cccteam/ccc/resource/patchset.go:274.76,276.4 1 0
github.com/cccteam/ccc/resource/patchset.go:279.2,279.12 1 0
github.com/cccteam/ccc/resource/patchset.go:282.123,283.48 1 0
github.com/cccteam/ccc/resource/patchset.go:283.48,285.3 1 0
github.com/cccteam/ccc/resource/patchset.go:287.2,288.16 2 0
github.com/cccteam/ccc/resource/patchset.go:288.16,290.3 1 0
github.com/cccteam/ccc/resource/patchset.go:292.2,293.16 2 0
github.com/cccteam/ccc/resource/patchset.go:293.16,295.3 1 0
github.com/cccteam/ccc/resource/patchset.go:296.2,298.64 2 0
github.com/cccteam/ccc/resource/patchset.go:298.64,300.3 1 0
github.com/cccteam/ccc/resource/patchset.go:302.2,302.35 1 0
github.com/cccteam/ccc/resource/patchset.go:302.35,303.84 1 0
github.com/cccteam/ccc/resource/patchset.go:303.84,305.4 1 0
github.com/cccteam/ccc/resource/patchset.go:308.2,308.12 1 0
github.com/cccteam/ccc/resource/patchset.go:311.115,312.48 1 0
github.com/cccteam/ccc/resource/patchset.go:312.48,314.3 1 0
github.com/cccteam/ccc/resource/patchset.go:316.2,317.16 2 0
github.com/cccteam/ccc/resource/patchset.go:317.16,319.3 1 0
github.com/cccteam/ccc/resource/patchset.go:321.2,323.64 2 0
github.com/cccteam/ccc/resource/patchset.go:323.64,325.3 1 0
github.com/cccteam/ccc/resource/patchset.go:327.2,327.35 1 0
github.com/cccteam/ccc/resource/patchset.go:327.35,328.76 1 0
github.com/cccteam/ccc/resource/patchset.go:328.76,330.4 1 0
github.com/cccteam/ccc/resource/patchset.go:333.2,333.12 1 0
github.com/cccteam/ccc/resource/patchset.go:336.103,338.16 2 0
github.com/cccteam/ccc/resource/patchset.go:338.16,340.3 1 0
github.com/cccteam/ccc/resource/patchset.go:342.2,351.16 2 0
github.com/cccteam/ccc/resource/patchset.go:351.16,353.3 1 0
github.com/cccteam/ccc/resource/patchset.go:355.2,355.64 1 0
github.com/cccteam/ccc/resource/patchset.go:355.64,357.3 1 0
github.com/cccteam/ccc/resource/patchset.go:359.2,359.12 1 0
github.com/cccteam/ccc/resource/patchset.go:362.132,364.16 2 0
github.com/cccteam/ccc/resource/patchset.go:364.16,365.43 1 0
github.com/cccteam/ccc/resource/patchset.go:365.43,367.4 1 0
github.com/cccteam/ccc/resource/patchset.go:368.3,369.17 2 0
github.com/cccteam/ccc/resource/patchset.go:369.17,371.4 1 0
github.com/cccteam/ccc/resource/patchset.go:374.2,383.16 2 0
github.com/cccteam/ccc/resource/patchset.go:383.16,385.3 1 0
github.com/cccteam/ccc/resource/patchset.go:387.2,387.64 1 0
github.com/cccteam/ccc/resource/patchset.go:387.64,389.3 1 0
github.com/cccteam/ccc/resource/patchset.go:391.2,391.12 1 0
github.com/cccteam/ccc/resource/patchset.go:394.124,396.16 2 0
github.com/cccteam/ccc/resource/patchset.go:396.16,398.3 1 0
github.com/cccteam/ccc/resource/patchset.go:400.2,409.16 2 0
github.com/cccteam/ccc/resource/patchset.go:409.16,411.3 1 0
github.com/cccteam/ccc/resource/patchset.go:413.2,413.64 1 0
github.com/cccteam/ccc/resource/patchset.go:413.64,415.3 1 0
github.com/cccteam/ccc/resource/patchset.go:417.2,417.12 1 0
github.com/cccteam/ccc/resource/patchset.go:420.124,423.16 3 0
github.com/cccteam/ccc/resource/patchset.go:423.16,425.3 1 0
github.com/cccteam/ccc/resource/patchset.go:427.2,436.16 2 0
github.com/cccteam/ccc/resource/patchset.go:436.16,438.3 1 0
github.com/cccteam/ccc/resource/patchset.go:440.2,440.64 1 0
github.com/cccteam/ccc/resource/patchset.go:440.64,442.3 1 0
github.com/cccteam/ccc/resource/patchset.go:444.2,444.12 1 0
github.com/cccteam/ccc/resource/patchset.go:447.88,449.16 2 0
github.com/cccteam/ccc/resource/patchset.go:449.16,451.3 1 0
github.com/cccteam/ccc/resource/patchset.go:454.2,454.30 1 0
github.com/cccteam/ccc/resource/patchset.go:454.30,457.3 2 0
github.com/cccteam/ccc/resource/patchset.go:459.2,459.23 1 0
github.com/cccteam/ccc/resource/patchset.go:462.122,464.16 2 0
github.com/cccteam/ccc/resource/patchset.go:464.16,466.3 1 0
github.com/cccteam/ccc/resource/patchset.go:468.2,469.73 2 0
github.com/cccteam/ccc/resource/patchset.go:469.73,470.42 1 0
github.com/cccteam/ccc/resource/patchset.go:470.42,472.4 1 0
github.com/cccteam/ccc/resource/patchset.go:474.3,474.48 1 0
github.com/cccteam/ccc/resource/patchset.go:477.2,478.16 2 0
github.com/cccteam/ccc/resource/patchset.go:478.16,480.3 1 0
github.com/cccteam/ccc/resource/patchset.go:482.2,482.25 1 0
github.com/cccteam/ccc/resource/patchset.go:482.25,484.3 1 0
github.com/cccteam/ccc/resource/patchset.go:486.2,486.23 1 0
github.com/cccteam/ccc/resource/patchset.go:489.120,491.16 2 0
github.com/cccteam/ccc/resource/patchset.go:491.16,493.3 1 0
github.com/cccteam/ccc/resource/patchset.go:495.2,496.73 2 0
github.com/cccteam/ccc/resource/patchset.go:496.73,497.42 1 0
github.com/cccteam/ccc/resource/patchset.go:497.42,499.4 1 0
github.com/cccteam/ccc/resource/patchset.go:501.3,501.48 1 0
github.com/cccteam/ccc/resource/patchset.go:504.2,505.16 2 0
github.com/cccteam/ccc/resource/patchset.go:505.16,507.3 1 0
github.com/cccteam/ccc/resource/patchset.go:509.2,509.23 1 0
github.com/cccteam/ccc/resource/patchset.go:512.95,514.40 2 0
github.com/cccteam/ccc/resource/patchset.go:514.40,516.3 1 0
github.com/cccteam/ccc/resource/patchset.go:518.2,519.39 2 0
github.com/cccteam/ccc/resource/patchset.go:519.39,521.3 1 0
github.com/cccteam/ccc/resource/patchset.go:523.2,523.52 1 0
github.com/cccteam/ccc/resource/patchset.go:523.52,525.3 1 0
github.com/cccteam/ccc/resource/patchset.go:527.2,528.55 2 0
github.com/cccteam/ccc/resource/patchset.go:528.55,530.47 2 0
github.com/cccteam/ccc/resource/patchset.go:530.47,534.4 1 0
github.com/cccteam/ccc/resource/patchset.go:537.2,537.20 1 0
github.com/cccteam/ccc/resource/patchset.go:541.64,543.23 2 0
github.com/cccteam/ccc/resource/patchset.go:543.23,545.3 1 0
github.com/cccteam/ccc/resource/patchset.go:547.2,548.65 2 0
github.com/cccteam/ccc/resource/patchset.go:548.65,550.10 2 0
github.com/cccteam/ccc/resource/patchset.go:550.10,552.4 1 0
github.com/cccteam/ccc/resource/patchset.go:553.3,553.24 1 0
github.com/cccteam/ccc/resource/patchset.go:556.2,556.20 1 0
github.com/cccteam/ccc/resource/patchset.go:560.84,564.40 3 0
github.com/cccteam/ccc/resource/patchset.go:564.40,566.3 1 0
github.com/cccteam/ccc/resource/patchset.go:568.2,568.39 1 0
github.com/cccteam/ccc/resource/patchset.go:568.39,570.3 1 0
github.com/cccteam/ccc/resource/patchset.go:572.2,572.52 1 0
github.com/cccteam/ccc/resource/patchset.go:572.52,574.3 1 0
github.com/cccteam/ccc/resource/patchset.go:576.2,577.55 2 0
github.com/cccteam/ccc/resource/patchset.go:577.55,579.3 1 0
github.com/cccteam/ccc/resource/patchset.go:581.2,582.36 2 0
github.com/cccteam/ccc/resource/patchset.go:582.36,584.18 2 0
github.com/cccteam/ccc/resource/patchset.go:584.18,586.4 1 0
github.com/cccteam/ccc/resource/patchset.go:588.3,588.50 1 0
github.com/cccteam/ccc/resource/patchset.go:588.50,590.4 1 0
github.com/cccteam/ccc/resource/patchset.go:590.9,590.20 1 0
github.com/cccteam/ccc/resource/patchset.go:590.20,595.4 1 0
github.com/cccteam/ccc/resource/patchset.go:598.2,598.18 1 0
github.com/cccteam/ccc/resource/patchset.go:601.88,602.60 1 0
github.com/cccteam/ccc/resource/patchset.go:602.60,604.3 1 0
github.com/cccteam/ccc/resource/patchset.go:606.2,606.26 1 0
github.com/cccteam/ccc/resource/patchset.go:606.26,608.3 1 0
github.com/cccteam/ccc/resource/patchset.go:610.2,611.26 2 0
github.com/cccteam/ccc/resource/patchset.go:611.26,613.3 1 0
github.com/cccteam/ccc/resource/patchset.go:615.2,615.19 1 0
github.com/cccteam/ccc/resource/patchset.go:618.102,620.2 1 0
github.com/cccteam/ccc/resource/patchset.go:622.102,624.2 1 0
github.com/cccteam/ccc/resource/patchset.go:629.78,630.37 1 0
github.com/cccteam/ccc/resource/patchset.go:630.37,631.30 1 0
github.com/cccteam/ccc/resource/patchset.go:631.30,632.24 1 0
github.com/cccteam/ccc/resource/patchset.go:632.24,633.21 1 0
github.com/cccteam/ccc/resource/patchset.go:633.21,635.6 1 0
github.com/cccteam/ccc/resource/patchset.go:641.49,642.23 1 1
github.com/cccteam/ccc/resource/patchset.go:643.11,644.31 1 1
github.com/cccteam/ccc/resource/patchset.go:645.12,646.34 1 1
github.com/cccteam/ccc/resource/patchset.go:647.13,648.27 1 1
github.com/cccteam/ccc/resource/patchset.go:649.14,650.27 1 1
github.com/cccteam/ccc/resource/patchset.go:651.12,652.31 1 1
github.com/cccteam/ccc/resource/patchset.go:653.13,654.34 1 1
github.com/cccteam/ccc/resource/patchset.go:655.14,656.27 1 1
github.com/cccteam/ccc/resource/patchset.go:657.15,658.27 1 0
github.com/cccteam/ccc/resource/patchset.go:659.13,660.31 1 1
github.com/cccteam/ccc/resource/patchset.go:661.14,662.34 1 1
github.com/cccteam/ccc/resource/patchset.go:663.15,664.27 1 0
github.com/cccteam/ccc/resource/patchset.go:665.16,666.27 1 0
github.com/cccteam/ccc/resource/patchset.go:667.13,668.31 1 1
github.com/cccteam/ccc/resource/patchset.go:669.14,670.34 1 1
github.com/cccteam/ccc/resource/patchset.go:671.15,672.27 1 0
github.com/cccteam/ccc/resource/patchset.go:673.16,674.27 1 0
github.com/cccteam/ccc/resource/patchset.go:675.13,676.31 1 1
github.com/cccteam/ccc/resource/patchset.go:677.14,678.34 1 1
github.com/cccteam/ccc/resource/patchset.go:679.15,680.27 1 0
github.com/cccteam/ccc/resource/patchset.go:681.16,682.27 1 0
github.com/cccteam/ccc/resource/patchset.go:683.12,684.31 1 1
github.com/cccteam/ccc/resource/patchset.go:685.13,686.34 1 1
github.com/cccteam/ccc/resource/patchset.go:687.14,688.27 1 0
github.com/cccteam/ccc/resource/patchset.go:689.15,690.27 1 0
github.com/cccteam/ccc/resource/patchset.go:691.13,692.31 1 1
github.com/cccteam/ccc/resource/patchset.go:693.14,694.34 1 1
github.com/cccteam/ccc/resource/patchset.go:695.15,696.27 1 0
github.com/cccteam/ccc/resource/patchset.go:697.16,698.27 1 0
github.com/cccteam/ccc/resource/patchset.go:699.14,700.31 1 1
github.com/cccteam/ccc/resource/patchset.go:701.15,702.34 1 1
github.com/cccteam/ccc/resource/patchset.go:703.16,704.27 1 0
github.com/cccteam/ccc/resource/patchset.go:705.17,706.27 1 0
github.com/cccteam/ccc/resource/patchset.go:707.14,708.31 1 1
github.com/cccteam/ccc/resource/patchset.go:709.15,710.34 1 1
github.com/cccteam/ccc/resource/patchset.go:711.16,712.27 1 0
github.com/cccteam/ccc/resource/patchset.go:713.17,714.27 1 0
github.com/cccteam/ccc/resource/patchset.go:715.14,716.31 1 1
github.com/cccteam/ccc/resource/patchset.go:717.15,718.34 1 1
github.com/cccteam/ccc/resource/patchset.go:719.16,720.27 1 0
github.com/cccteam/ccc/resource/patchset.go:721.17,722.27 1 0
github.com/cccteam/ccc/resource/patchset.go:723.15,724.31 1 1
github.com/cccteam/ccc/resource/patchset.go:725.16,726.34 1 1
github.com/cccteam/ccc/resource/patchset.go:727.17,728.27 1 0
github.com/cccteam/ccc/resource/patchset.go:729.18,730.27 1 0
github.com/cccteam/ccc/resource/patchset.go:731.15,732.31 1 1
github.com/cccteam/ccc/resource/patchset.go:733.16,734.34 1 1
github.com/cccteam/ccc/resource/patchset.go:735.17,736.27 1 0
github.com/cccteam/ccc/resource/patchset.go:737.18,738.27 1 0
github.com/cccteam/ccc/resource/patchset.go:739.14,740.31 1 1
github.com/cccteam/ccc/resource/patchset.go:741.15,742.34 1 1
github.com/cccteam/ccc/resource/patchset.go:743.16,744.27 1 0
github.com/cccteam/ccc/resource/patchset.go:745.17,746.27 1 0
github.com/cccteam/ccc/resource/patchset.go:747.12,748.31 1 1
github.com/cccteam/ccc/resource/patchset.go:749.13,750.34 1 1
github.com/cccteam/ccc/resource/patchset.go:751.14,752.27 1 0
github.com/cccteam/ccc/resource/patchset.go:753.15,754.27 1 0
github.com/cccteam/ccc/resource/patchset.go:755.17,756.26 1 1
github.com/cccteam/ccc/resource/patchset.go:757.18,758.36 1 1
github.com/cccteam/ccc/resource/patchset.go:759.11,760.103 1 0
github.com/cccteam/ccc/resource/patchset.go:762.18,763.26 1 0
github.com/cccteam/ccc/resource/patchset.go:764.19,765.39 1 0
github.com/cccteam/ccc/resource/patchset.go:766.11,767.103 1 0
github.com/cccteam/ccc/resource/patchset.go:769.16,770.26 1 1
github.com/cccteam/ccc/resource/patchset.go:771.17,772.36 1 1
github.com/cccteam/ccc/resource/patchset.go:773.11,774.103 1 0
github.com/cccteam/ccc/resource/patchset.go:776.17,777.26 1 1
github.com/cccteam/ccc/resource/patchset.go:778.18,779.39 1 1
github.com/cccteam/ccc/resource/patchset.go:780.11,781.103 1 0
github.com/cccteam/ccc/resource/patchset.go:783.20,784.26 1 0
github.com/cccteam/ccc/resource/patchset.go:785.21,786.36 1 0
github.com/cccteam/ccc/resource/patchset.go:787.11,788.103 1 0
github.com/cccteam/ccc/resource/patchset.go:792.2,792.45 1 1
github.com/cccteam/ccc/resource/patchset.go:792.45,794.3 1 1
github.com/cccteam/ccc/resource/patchset.go:796.2,796.38 1 1
github.com/cccteam/ccc/resource/patchset.go:799.60,801.9 2 1
github.com/cccteam/ccc/resource/patchset.go:801.9,803.3 1 0
github.com/cccteam/ccc/resource/patchset.go:804.2,804.23 1 1
github.com/cccteam/ccc/resource/patchset.go:804.23,806.3 1 0
github.com/cccteam/ccc/resource/patchset.go:808.2,808.19 1 1
github.com/cccteam/ccc/resource/patchset.go:808.19,809.51 1 1
github.com/cccteam/ccc/resource/patchset.go:809.51,811.4 1 0
github.com/cccteam/ccc/resource/patchset.go:811.9,811.20 1 1
github.com/cccteam/ccc/resource/patchset.go:811.20,813.4 1 1
github.com/cccteam/ccc/resource/patchset.go:816.2,816.18 1 1
github.com/cccteam/ccc/resource/patchset.go:819.62,821.9 2 1
github.com/cccteam/ccc/resource/patchset.go:821.9,823.3 1 0
github.com/cccteam/ccc/resource/patchset.go:824.2,824.13 1 1
github.com/cccteam/ccc/resource/patchset.go:824.13,826.3 1 1
github.com/cccteam/ccc/resource/patchset.go:828.2,828.19 1 1
github.com/cccteam/ccc/resource/patchset.go:831.66,833.9 2 1
github.com/cccteam/ccc/resource/patchset.go:833.9,835.3 1 0
github.com/cccteam/ccc/resource/patchset.go:836.2,836.27 1 1
github.com/cccteam/ccc/resource/patchset.go:836.27,837.28 1 0
github.com/cccteam/ccc/resource/patchset.go:837.28,839.4 1 0
github.com/cccteam/ccc/resource/patchset.go:841.3,841.20 1 0
github.com/cccteam/ccc/resource/patchset.go:843.2,843.15 1 1
github.com/cccteam/ccc/resource/patchset.go:843.15,845.3 1 1
github.com/cccteam/ccc/resource/patchset.go:847.2,847.19 1 1
github.com/cccteam/ccc/resource/patchset.go:850.78,851.27 1 1
github.com/cccteam/ccc/resource/patchset.go:851.27,852.28 1 0
github.com/cccteam/ccc/resource/patchset.go:852.28,854.4 1 0
github.com/cccteam/ccc/resource/patchset.go:856.3,856.20 1 0
github.com/cccteam/ccc/resource/patchset.go:859.2,859.36 1 1
github.com/cccteam/ccc/resource/patchset.go:862.74,864.16 2 1
github.com/cccteam/ccc/resource/patchset.go:864.16,866.3 1 0
github.com/cccteam/ccc/resource/patchset.go:868.2,869.16 2 1
github.com/cccteam/ccc/resource/patchset.go:869.16,871.3 1 0
github.com/cccteam/ccc/resource/patchset.go:873.2,873.32 1 1
github.com/cccteam/ccc/resource/patchset.go:873.32,875.3 1 1
github.com/cccteam/ccc/resource/patchset.go:877.2,877.19 1 1
github.com/cccteam/ccc/resource/patchset.go:887.50,888.36 1 1
github.com/cccteam/ccc/resource/patchset.go:888.36,890.3 1 0
github.com/cccteam/ccc/resource/patchset.go:892.2,892.40 1 1
github.com/cccteam/ccc/resource/patchset.go:892.40,894.3 1 0
github.com/cccteam/ccc/resource/patchset.go:896.2,896.44 1 1
github.com/cccteam/ccc/resource/patchset.go:896.44,898.3 1 0
github.com/cccteam/ccc/resource/patchset.go:900.2,900.38 1 1
github.com/cccteam/ccc/resource/patchset.go:900.38,901.67 1 0
github.com/cccteam/ccc/resource/patchset.go:901.67,903.4 1 0
github.com/cccteam/ccc/resource/patchset.go:904.8,905.84 1 1
github.com/cccteam/ccc/resource/patchset.go:905.84,907.4 1 0
github.com/cccteam/ccc/resource/patchset.go:910.2,910.13 1 1
github.com/cccteam/ccc/resource/query_decoder.go:29.128,34.16 4 1
github.com/cccteam/ccc/resource/query_decoder.go:34.16,36.3 1 0
github.com/cccteam/ccc/resource/query_decoder.go:38.2,39.16 2 1
github.com/cccteam/ccc/resource/query_decoder.go:39.16,41.3 1 0
github.com/cccteam/ccc/resource/query_decoder.go:43.2,48.8 1 1
github.com/cccteam/ccc/resource/query_decoder.go:51.120,53.16 2 0
github.com/cccteam/ccc/resource/query_decoder.go:53.16,55.3 1 0
github.com/cccteam/ccc/resource/query_decoder.go:57.2,60.31 4 0
github.com/cccteam/ccc/resource/query_decoder.go:60.31,62.3 1 0
github.com/cccteam/ccc/resource/query_decoder.go:62.8,63.41 1 0
github.com/cccteam/ccc/resource/query_decoder.go:63.41,65.4 1 0
github.com/cccteam/ccc/resource/query_decoder.go:68.2,68.18 1 0
github.com/cccteam/ccc/resource/query_decoder.go:71.135,73.16 2 0
github.com/cccteam/ccc/resource/query_decoder.go:73.16,75.3 1 0
github.com/cccteam/ccc/resource/query_decoder.go:77.2,78.21 2 0
github.com/cccteam/ccc/resource/query_decoder.go:78.21,79.97 1 0
github.com/cccteam/ccc/resource/query_decoder.go:82.2,84.18 2 0
github.com/cccteam/ccc/resource/query_decoder.go:87.160,88.46 1 1
github.com/cccteam/ccc/resource/query_decoder.go:88.46,91.51 1 1
github.com/cccteam/ccc/resource/query_decoder.go:91.51,92.75 1 1
github.com/cccteam/ccc/resource/query_decoder.go:92.75,94.5 1 1
github.com/cccteam/ccc/resource/query_decoder.go:94.10,96.5 1 1
github.com/cccteam/ccc/resource/query_decoder.go:99.3,99.27 1 1
github.com/cccteam/ccc/resource/query_decoder.go:102.2,102.55 1 1
github.com/cccteam/ccc/resource/query_decoder.go:102.55,104.17 2 1
github.com/cccteam/ccc/resource/query_decoder.go:104.17,106.4 1 1
github.com/cccteam/ccc/resource/query_decoder.go:108.3,108.26 1 1
github.com/cccteam/ccc/resource/query_decoder.go:111.2,112.16 2 1
github.com/cccteam/ccc/resource/query_decoder.go:112.16,114.3 1 0
github.com/cccteam/ccc/resource/query_decoder.go:116.2,116.39 1 1
github.com/cccteam/ccc/resource/query_decoder.go:116.39,118.3 1 0
github.com/cccteam/ccc/resource/query_decoder.go:120.2,120.20 1 1
github.com/cccteam/ccc/resource/query_decoder.go:120.20,122.3 1 1
github.com/cccteam/ccc/resource/query_decoder.go:124.2,124.45 1 1
github.com/cccteam/ccc/resource/query_decoder.go:128.107,130.16 2 1
github.com/cccteam/ccc/resource/query_decoder.go:130.16,132.3 1 0
github.com/cccteam/ccc/resource/query_decoder.go:134.2,135.16 2 1
github.com/cccteam/ccc/resource/query_decoder.go:135.16,137.3 1 1
github.com/cccteam/ccc/resource/query_decoder.go:139.2,139.17 1 1
github.com/cccteam/ccc/resource/query_decoder.go:142.133,145.58 3 1
github.com/cccteam/ccc/resource/query_decoder.go:145.58,146.73 1 1
github.com/cccteam/ccc/resource/query_decoder.go:146.73,147.12 1 1
github.com/cccteam/ccc/resource/query_decoder.go:148.9,148.28 1 1
github.com/cccteam/ccc/resource/query_decoder.go:148.28,150.4 1 0
github.com/cccteam/ccc/resource/query_decoder.go:152.3,152.24 1 1
github.com/cccteam/ccc/resource/query_decoder.go:153.35,154.65 1 1
github.com/cccteam/ccc/resource/query_decoder.go:155.11,156.107 1 0
github.com/cccteam/ccc/resource/query_decoder.go:159.3,159.16 1 1
github.com/cccteam/ccc/resource/query_decoder.go:159.16,161.4 1 1
github.com/cccteam/ccc/resource/query_decoder.go:161.9,161.34 1 0
github.com/cccteam/ccc/resource/query_decoder.go:161.34,163.4 1 0
github.com/cccteam/ccc/resource/query_decoder.go:165.3,165.41 1 1
github.com/cccteam/ccc/resource/query_decoder.go:168.2,168.28 1 1
github.com/cccteam/ccc/resource/query_decoder.go:168.28,170.3 1 1
github.com/cccteam/ccc/resource/query_decoder.go:172.2,172.27 1 1
github.com/cccteam/ccc/resource/query_decoder.go:172.27,174.3 1 0
github.com/cccteam/ccc/resource/query_decoder.go:176.2,176.55 1 1
github.com/cccteam/ccc/resource/query_decoder.go:179.140,182.36 2 1
github.com/cccteam/ccc/resource/query_decoder.go:182.36,185.20 3 1
github.com/cccteam/ccc/resource/query_decoder.go:185.20,186.12 1 1
github.com/cccteam/ccc/resource/query_decoder.go:189.3,192.50 4 1
github.com/cccteam/ccc/resource/query_decoder.go:192.50,194.4 1 0
github.com/cccteam/ccc/resource/query_decoder.go:196.3,197.13 2 1
github.com/cccteam/ccc/resource/query_decoder.go:197.13,199.4 1 0
github.com/cccteam/ccc/resource/query_decoder.go:201.3,203.35 3 1
github.com/cccteam/ccc/resource/query_decoder.go:203.35,206.4 2 1
github.com/cccteam/ccc/resource/query_decoder.go:208.3,212.4 1 1
github.com/cccteam/ccc/resource/query_decoder.go:215.2,215.20 1 1
github.com/cccteam/ccc/resource/querybuilder.go:11.49,13.2 1 0
github.com/cccteam/ccc/resource/querybuilder.go:15.63,17.19 2 1
github.com/cccteam/ccc/resource/querybuilder.go:17.19,19.3 1 1
github.com/cccteam/ccc/resource/querybuilder.go:20.2,21.9 2 1
github.com/cccteam/ccc/resource/querybuilder.go:21.9,22.63 1 0
github.com/cccteam/ccc/resource/querybuilder.go:24.2,26.39 2 1
github.com/cccteam/ccc/resource/querybuilder.go:33.47,40.2 1 1
github.com/cccteam/ccc/resource/querybuilder.go:42.46,49.2 1 1
github.com/cccteam/ccc/resource/querybuilder.go:56.76,58.2 1 0
github.com/cccteam/ccc/resource/querybuilder.go:60.45,62.17 2 1
github.com/cccteam/ccc/resource/querybuilder.go:62.17,70.3 1 1
github.com/cccteam/ccc/resource/querybuilder.go:70.8,72.27 2 1
github.com/cccteam/ccc/resource/querybuilder.go:72.27,74.4 1 1
github.com/cccteam/ccc/resource/querybuilder.go:75.3,81.4 1 1
github.com/cccteam/ccc/resource/querybuilder.go:84.2,84.31 1 1
github.com/cccteam/ccc/resource/querybuilder.go:84.31,86.3 1 1
github.com/cccteam/ccc/resource/querybuilder.go:88.2,89.9 2 1
github.com/cccteam/ccc/resource/querybuilder.go:89.9,90.75 1 0
github.com/cccteam/ccc/resource/querybuilder.go:92.2,94.39 2 1
github.com/cccteam/ccc/resource/querybuilder.go:97.48,99.17 2 1
github.com/cccteam/ccc/resource/querybuilder.go:99.17,107.3 1 1
github.com/cccteam/ccc/resource/querybuilder.go:107.8,109.27 2 1
github.com/cccteam/ccc/resource/querybuilder.go:109.27,111.4 1 1
github.com/cccteam/ccc/resource/querybuilder.go:112.3,118.4 1 1
github.com/cccteam/ccc/resource/querybuilder.go:121.2,121.31 1 1
github.com/cccteam/ccc/resource/querybuilder.go:121.31,123.3 1 1
github.com/cccteam/ccc/resource/querybuilder.go:125.2,126.9 2 0
github.com/cccteam/ccc/resource/querybuilder.go:126.9,127.75 1 0
github.com/cccteam/ccc/resource/querybuilder.go:129.2,131.39 2 0
github.com/cccteam/ccc/resource/querybuilder.go:134.40,143.31 2 1
github.com/cccteam/ccc/resource/querybuilder.go:143.31,145.3 1 1
github.com/cccteam/ccc/resource/querybuilder.go:147.2,148.9 2 0
github.com/cccteam/ccc/resource/querybuilder.go:148.9,149.75 1 0
github.com/cccteam/ccc/resource/querybuilder.go:151.2,153.39 2 0
github.com/cccteam/ccc/resource/querybuilder.go:156.43,165.31 2 1
github.com/cccteam/ccc/resource/querybuilder.go:165.31,167.3 1 1
github.com/cccteam/ccc/resource/querybuilder.go:169.2,170.9 2 1
github.com/cccteam/ccc/resource/querybuilder.go:170.9,171.75 1 0
github.com/cccteam/ccc/resource/querybuilder.go:173.2,175.39 2 1
github.com/cccteam/ccc/resource/querybuilder.go:178.48,187.31 2 1
github.com/cccteam/ccc/resource/querybuilder.go:187.31,189.3 1 0
github.com/cccteam/ccc/resource/querybuilder.go:191.2,192.9 2 1
github.com/cccteam/ccc/resource/querybuilder.go:192.9,193.75 1 0
github.com/cccteam/ccc/resource/querybuilder.go:195.2,197.39 2 1
github.com/cccteam/ccc/resource/querybuilder.go:200.50,209.31 2 1
github.com/cccteam/ccc/resource/querybuilder.go:209.31,211.3 1 1
github.com/cccteam/ccc/resource/querybuilder.go:213.2,214.9 2 0
github.com/cccteam/ccc/resource/querybuilder.go:214.9,215.75 1 0
github.com/cccteam/ccc/resource/querybuilder.go:217.2,219.39 2 0
github.com/cccteam/ccc/resource/querybuilder.go:222.45,231.31 2 1
github.com/cccteam/ccc/resource/querybuilder.go:231.31,233.3 1 1
github.com/cccteam/ccc/resource/querybuilder.go:235.2,236.9 2 0
github.com/cccteam/ccc/resource/querybuilder.go:236.9,237.75 1 0
github.com/cccteam/ccc/resource/querybuilder.go:239.2,241.39 2 0
github.com/cccteam/ccc/resource/querybuilder.go:244.47,253.31 2 1
github.com/cccteam/ccc/resource/querybuilder.go:253.31,255.3 1 1
github.com/cccteam/ccc/resource/querybuilder.go:257.2,258.9 2 0
github.com/cccteam/ccc/resource/querybuilder.go:258.9,259.75 1 0
github.com/cccteam/ccc/resource/querybuilder.go:261.2,263.39 2 0
github.com/cccteam/ccc/resource/queryset.go:32.93,37.2 1 1
github.com/cccteam/ccc/resource/queryset.go:39.62,43.2 2 0
github.com/cccteam/ccc/resource/queryset.go:45.74,47.2 1 0
github.com/cccteam/ccc/resource/queryset.go:49.81,53.2 2 0
github.com/cccteam/ccc/resource/queryset.go:55.187,61.2 4 0
github.com/cccteam/ccc/resource/queryset.go:63.74,66.50 2 0
github.com/cccteam/ccc/resource/queryset.go:66.50,68.3 1 0
github.com/cccteam/ccc/resource/queryset.go:70.2,70.26 1 0
github.com/cccteam/ccc/resource/queryset.go:70.26,74.36 3 0
github.com/cccteam/ccc/resource/queryset.go:74.36,75.73 1 0
github.com/cccteam/ccc/resource/queryset.go:75.73,77.5 1 0
github.com/cccteam/ccc/resource/queryset.go:80.3,80.103 1 0
github.com/cccteam/ccc/resource/queryset.go:80.103,82.4 1 0
github.com/cccteam/ccc/resource/queryset.go:82.9,82.17 1 0
github.com/cccteam/ccc/resource/queryset.go:82.17,84.4 1 0
github.com/cccteam/ccc/resource/queryset.go:87.2,87.12 1 0
github.com/cccteam/ccc/resource/queryset.go:90.77,93.26 2 0
github.com/cccteam/ccc/resource/queryset.go:93.26,94.42 1 0
github.com/cccteam/ccc/resource/queryset.go:94.42,95.72 1 0
github.com/cccteam/ccc/resource/queryset.go:95.72,97.5 1 0
github.com/cccteam/ccc/resource/queryset.go:97.10,98.116 1 0
github.com/cccteam/ccc/resource/queryset.go:98.116,100.6 1 0
github.com/cccteam/ccc/resource/queryset.go:100.11,100.18 1 0
github.com/cccteam/ccc/resource/queryset.go:100.18,102.6 1 0
github.com/cccteam/ccc/resource/queryset.go:105.8,108.3 1 0
github.com/cccteam/ccc/resource/queryset.go:110.2,110.31 1 0
github.com/cccteam/ccc/resource/queryset.go:110.31,112.3 1 0
github.com/cccteam/ccc/resource/queryset.go:114.2,114.12 1 0
github.com/cccteam/ccc/resource/queryset.go:117.84,118.39 1 1
github.com/cccteam/ccc/resource/queryset.go:118.39,120.3 1 1
github.com/cccteam/ccc/resource/queryset.go:122.2,122.10 1 1
github.com/cccteam/ccc/resource/queryset.go:125.59,127.2 1 1
github.com/cccteam/ccc/resource/queryset.go:129.73,131.2 1 1
github.com/cccteam/ccc/resource/queryset.go:133.63,135.2 1 0
github.com/cccteam/ccc/resource/queryset.go:137.40,139.2 1 1
github.com/cccteam/ccc/resource/queryset.go:141.46,143.2 1 1
github.com/cccteam/ccc/resource/queryset.go:146.57,148.35 2 0
github.com/cccteam/ccc/resource/queryset.go:148.35,150.10 2 0
github.com/cccteam/ccc/resource/queryset.go:150.10,152.4 1 0
github.com/cccteam/ccc/resource/queryset.go:154.3,154.43 1 0
github.com/cccteam/ccc/resource/queryset.go:156.2,156.48 1 0
github.com/cccteam/ccc/resource/queryset.go:156.48,158.3 1 0
github.com/cccteam/ccc/resource/queryset.go:160.2,161.34 2 0
github.com/cccteam/ccc/resource/queryset.go:161.34,163.3 1 0
github.com/cccteam/ccc/resource/queryset.go:165.2,165.24 1 0
github.com/cccteam/ccc/resource/queryset.go:166.21,167.51 1 0
github.com/cccteam/ccc/resource/queryset.go:168.22,169.74 1 0
github.com/cccteam/ccc/resource/queryset.go:170.10,171.67 1 0
github.com/cccteam/ccc/resource/queryset.go:175.67,176.24 1 0
github.com/cccteam/ccc/resource/queryset.go:177.21,179.17 2 0
github.com/cccteam/ccc/resource/queryset.go:179.17,181.4 1 0
github.com/cccteam/ccc/resource/queryset.go:183.3,183.69 1 0
github.com/cccteam/ccc/resource/queryset.go:184.22,186.17 2 0
github.com/cccteam/ccc/resource/queryset.go:186.17,188.4 1 0
github.com/cccteam/ccc/resource/queryset.go:190.3,190.72 1 0
github.com/cccteam/ccc/resource/queryset.go:193.2,193.67 1 0
github.com/cccteam/ccc/resource/queryset.go:197.58,198.24 1 0
github.com/cccteam/ccc/resource/queryset.go:198.24,200.3 1 0
github.com/cccteam/ccc/resource/queryset.go:202.2,203.21 2 0
github.com/cccteam/ccc/resource/queryset.go:203.21,205.3 1 0
github.com/cccteam/ccc/resource/queryset.go:207.2,209.29 3 0
github.com/cccteam/ccc/resource/queryset.go:209.29,211.10 2 0
github.com/cccteam/ccc/resource/queryset.go:211.10,213.4 1 0
github.com/cccteam/ccc/resource/queryset.go:214.3,215.25 2 0
github.com/cccteam/ccc/resource/queryset.go:216.22,217.82 1 0
github.com/cccteam/ccc/resource/queryset.go:218.23,219.82 1 0
github.com/cccteam/ccc/resource/queryset.go:220.11,221.69 1 0
github.com/cccteam/ccc/resource/queryset.go:223.3,223.44 1 0
github.com/cccteam/ccc/resource/queryset.go:226.2,229.8 1 0
github.com/cccteam/ccc/resource/queryset.go:232.71,233.37 1 0
github.com/cccteam/ccc/resource/queryset.go:233.37,235.3 1 0
github.com/cccteam/ccc/resource/queryset.go:237.2,237.77 1 0
github.com/cccteam/ccc/resource/queryset.go:237.77,239.3 1 0
github.com/cccteam/ccc/resource/queryset.go:241.2,241.21 1 0
github.com/cccteam/ccc/resource/queryset.go:241.21,243.3 1 0
github.com/cccteam/ccc/resource/queryset.go:245.2,246.16 2 0
github.com/cccteam/ccc/resource/queryset.go:246.16,248.3 1 0
github.com/cccteam/ccc/resource/queryset.go:250.2,251.16 2 0
github.com/cccteam/ccc/resource/queryset.go:251.16,253.3 1 0
github.com/cccteam/ccc/resource/queryset.go:255.2,264.16 4 0
github.com/cccteam/ccc/resource/queryset.go:264.16,266.3 1 0
github.com/cccteam/ccc/resource/queryset.go:268.2,268.82 1 0
github.com/cccteam/ccc/resource/queryset.go:271.77,273.16 2 0
github.com/cccteam/ccc/resource/queryset.go:273.16,275.3 1 0
github.com/cccteam/ccc/resource/queryset.go:277.2,278.16 2 0
github.com/cccteam/ccc/resource/queryset.go:278.16,280.3 1 0
github.com/cccteam/ccc/resource/queryset.go:282.2,292.16 4 0
github.com/cccteam/ccc/resource/queryset.go:292.16,294.3 1 0
github.com/cccteam/ccc/resource/queryset.go:296.2,296.82 1 0
github.com/cccteam/ccc/resource/queryset.go:299.73,300.38 1 0
github.com/cccteam/ccc/resource/queryset.go:300.38,302.3 1 0
github.com/cccteam/ccc/resource/queryset.go:304.2,305.16 2 0
github.com/cccteam/ccc/resource/queryset.go:305.16,307.3 1 0
github.com/cccteam/ccc/resource/queryset.go:309.2,310.16 2 0
github.com/cccteam/ccc/resource/queryset.go:310.16,312.3 1 0
github.com/cccteam/ccc/resource/queryset.go:314.2,322.16 3 0
github.com/cccteam/ccc/resource/queryset.go:322.16,324.3 1 0
github.com/cccteam/ccc/resource/queryset.go:326.2,330.8 1 0
github.com/cccteam/ccc/resource/queryset.go:333.101,334.48 1 0
github.com/cccteam/ccc/resource/queryset.go:334.48,336.3 1 0
github.com/cccteam/ccc/resource/queryset.go:338.2,339.16 2 0
github.com/cccteam/ccc/resource/queryset.go:339.16,341.3 1 0
github.com/cccteam/ccc/resource/queryset.go:343.2,344.66 2 0
github.com/cccteam/ccc/resource/queryset.go:344.66,345.42 1 0
github.com/cccteam/ccc/resource/queryset.go:345.42,347.4 1 0
github.com/cccteam/ccc/resource/queryset.go:349.3,349.48 1 0
github.com/cccteam/ccc/resource/queryset.go:352.2,352.17 1 0
github.com/cccteam/ccc/resource/queryset.go:355.110,356.49 1 0
github.com/cccteam/ccc/resource/queryset.go:356.49,357.49 1 0
github.com/cccteam/ccc/resource/queryset.go:357.49,361.4 2 0
github.com/cccteam/ccc/resource/queryset.go:363.3,364.17 2 0
github.com/cccteam/ccc/resource/queryset.go:364.17,368.4 2 0
github.com/cccteam/ccc/resource/queryset.go:370.3,370.76 1 0
github.com/cccteam/ccc/resource/queryset.go:370.76,371.22 1 0
github.com/cccteam/ccc/resource/queryset.go:371.22,373.5 1 0
github.com/cccteam/ccc/resource/queryset.go:378.61,380.2 1 0
github.com/cccteam/ccc/resource/queryset.go:382.61,384.2 1 1
github.com/cccteam/ccc/resource/queryset.go:386.63,388.2 1 0
github.com/cccteam/ccc/resource/queryset.go:390.42,392.24 2 0
github.com/cccteam/ccc/resource/queryset.go:392.24,393.8 1 0
github.com/cccteam/ccc/resource/queryset.go:393.8,395.4 1 0
github.com/cccteam/ccc/resource/queryset.go:398.2,398.20 1 0
github.com/cccteam/ccc/resource/request.go:44.33,45.33 1 0
github.com/cccteam/ccc/resource/request.go:45.33,49.3 2 0
github.com/cccteam/ccc/resource/request.go:52.95,54.27 2 1
github.com/cccteam/ccc/resource/request.go:54.27,56.3 1 0
github.com/cccteam/ccc/resource/request.go:58.2,58.56 1 1
github.com/cccteam/ccc/resource/request.go:58.56,59.39 1 1
github.com/cccteam/ccc/resource/request.go:59.39,63.4 2 1
github.com/cccteam/ccc/resource/request.go:65.3,67.7 2 1
github.com/cccteam/ccc/resource/request.go:67.7,69.18 2 1
github.com/cccteam/ccc/resource/request.go:69.18,73.5 2 1
github.com/cccteam/ccc/resource/request.go:74.4,75.20 2 1
github.com/cccteam/ccc/resource/request.go:75.20,76.10 1 1
github.com/cccteam/ccc/resource/request.go:78.4,78.38 1 1
github.com/cccteam/ccc/resource/request.go:78.38,82.5 2 1
github.com/cccteam/ccc/resource/request.go:85.3,85.18 1 1
github.com/cccteam/ccc/resource/request.go:85.18,87.42 2 1
github.com/cccteam/ccc/resource/request.go:87.42,91.5 2 0
github.com/cccteam/ccc/resource/request.go:93.4,94.18 2 1
github.com/cccteam/ccc/resource/request.go:94.18,98.5 2 0
github.com/cccteam/ccc/resource/request.go:100.4,101.18 2 1
github.com/cccteam/ccc/resource/request.go:101.18,105.5 2 0
github.com/cccteam/ccc/resource/request.go:107.4,108.18 2 1
github.com/cccteam/ccc/resource/request.go:108.18,112.5 2 0
github.com/cccteam/ccc/resource/request.go:114.4,114.68 1 1
github.com/cccteam/ccc/resource/request.go:114.68,116.5 1 0
github.com/cccteam/ccc/resource/request.go:119.3,120.17 2 1
github.com/cccteam/ccc/resource/request.go:120.17,124.4 2 0
github.com/cccteam/ccc/resource/request.go:126.3,127.19 2 1
github.com/cccteam/ccc/resource/request.go:127.19,129.4 1 1
github.com/cccteam/ccc/resource/request.go:133.44,134.44 1 1
github.com/cccteam/ccc/resource/request.go:135.23,136.30 1 1
github.com/cccteam/ccc/resource/request.go:137.23,138.31 1 1
github.com/cccteam/ccc/resource/request.go:139.23,140.32 1 1
github.com/cccteam/ccc/resource/request.go:141.10,142.57 1 0
github.com/cccteam/ccc/resource/request.go:146.117,147.16 1 1
github.com/cccteam/ccc/resource/request.go:148.23,150.35 2 1
github.com/cccteam/ccc/resource/request.go:150.35,152.4 1 0
github.com/cccteam/ccc/resource/request.go:154.3,154.36 1 1
github.com/cccteam/ccc/resource/request.go:154.36,156.4 1 0
github.com/cccteam/ccc/resource/request.go:158.3,158.14 1 1
github.com/cccteam/ccc/resource/request.go:158.14,160.4 1 1
github.com/cccteam/ccc/resource/request.go:162.3,162.14 1 0
github.com/cccteam/ccc/resource/request.go:163.43,164.17 1 1
github.com/cccteam/ccc/resource/request.go:164.17,166.4 1 0
github.com/cccteam/ccc/resource/request.go:168.3,170.83 3 1
github.com/cccteam/ccc/resource/request.go:170.83,172.4 1 1
github.com/cccteam/ccc/resource/request.go:173.3,175.24 2 1
github.com/cccteam/ccc/resource/request.go:175.24,177.4 1 0
github.com/cccteam/ccc/resource/request.go:179.3,179.60 1 1
github.com/cccteam/ccc/resource/request.go:182.2,182.17 1 1
github.com/cccteam/ccc/resource/request.go:185.67,186.13 1 0
github.com/cccteam/ccc/resource/request.go:187.23,188.28 1 0
github.com/cccteam/ccc/resource/request.go:189.23,190.28 1 0
github.com/cccteam/ccc/resource/request.go:191.23,192.28 1 0
github.com/cccteam/ccc/resource/request.go:195.2,195.31 1 0
github.com/cccteam/ccc/resource/resource_iface.go:49.72,51.2 1 0
github.com/cccteam/ccc/resource/resourceset.go:32.125,34.16 2 1
github.com/cccteam/ccc/resource/resourceset.go:34.16,36.3 1 1
github.com/cccteam/ccc/resource/resourceset.go:38.2,44.8 1 1
github.com/cccteam/ccc/resource/resourceset.go:47.69,51.2 2 0
github.com/cccteam/ccc/resource/resourceset.go:53.80,55.2 1 0
github.com/cccteam/ccc/resource/resourceset.go:57.80,59.2 1 1
github.com/cccteam/ccc/resource/resourceset.go:61.115,63.2 1 0
github.com/cccteam/ccc/resource/resourceset.go:65.72,67.2 1 0
github.com/cccteam/ccc/resource/resourceset.go:69.92,73.2 2 0
github.com/cccteam/ccc/resource/resourceset.go:75.77,77.2 1 0
github.com/cccteam/ccc/resource/resourceset.go:79.253,80.32 1 1
github.com/cccteam/ccc/resource/resourceset.go:80.32,82.3 1 0
github.com/cccteam/ccc/resource/resourceset.go:84.2,91.29 7 1
github.com/cccteam/ccc/resource/resourceset.go:91.29,92.15 1 1
github.com/cccteam/ccc/resource/resourceset.go:93.35,94.12 1 0
github.com/cccteam/ccc/resource/resourceset.go:95.67,96.31 1 1
github.com/cccteam/ccc/resource/resourceset.go:97.11,98.34 1 1
github.com/cccteam/ccc/resource/resourceset.go:100.3,100.35 1 1
github.com/cccteam/ccc/resource/resourceset.go:103.2,103.30 1 1
github.com/cccteam/ccc/resource/resourceset.go:103.30,110.29 6 1
github.com/cccteam/ccc/resource/resourceset.go:110.29,115.59 2 0
github.com/cccteam/ccc/resource/resourceset.go:115.59,117.5 1 0
github.com/cccteam/ccc/resource/resourceset.go:120.3,121.27 2 1
github.com/cccteam/ccc/resource/resourceset.go:121.27,123.22 2 1
github.com/cccteam/ccc/resource/resourceset.go:124.36,125.13 1 1
github.com/cccteam/ccc/resource/resourceset.go:126.28,127.93 1 1
github.com/cccteam/ccc/resource/resourceset.go:128.48,129.38 1 1
github.com/cccteam/ccc/resource/resourceset.go:130.12,131.41 1 1
github.com/cccteam/ccc/resource/resourceset.go:134.4,134.39 1 1
github.com/cccteam/ccc/resource/resourceset.go:134.39,136.5 1 1
github.com/cccteam/ccc/resource/resourceset.go:137.4,140.20 4 1
github.com/cccteam/ccc/resource/resourceset.go:142.3,142.41 1 1
github.com/cccteam/ccc/resource/resourceset.go:142.41,143.39 1 0
github.com/cccteam/ccc/resource/resourceset.go:143.39,146.5 2 0
github.com/cccteam/ccc/resource/resourceset.go:150.2,150.26 1 1
github.com/cccteam/ccc/resource/resourceset.go:150.26,152.3 1 0
github.com/cccteam/ccc/resource/resourceset.go:154.2,154.49 1 1
github.com/cccteam/ccc/resource/resourceset.go:154.49,156.3 1 1
github.com/cccteam/ccc/resource/resourceset.go:158.2,161.60 3 1
github.com/cccteam/ccc/resource/resourceset.go:171.76,182.2 3 1
github.com/cccteam/ccc/resource/resourceset.go:184.67,186.2 1 0
github.com/cccteam/ccc/resource/resourceset.go:188.48,190.2 1 0
github.com/cccteam/ccc/resource/resourceset.go:206.80,210.29 3 1
github.com/cccteam/ccc/resource/resourceset.go:210.29,212.3 1 0
github.com/cccteam/ccc/resource/resourceset.go:214.2,214.34 1 1
github.com/cccteam/ccc/resource/resourceset.go:214.34,218.3 2 1
github.com/cccteam/ccc/resource/resourceset.go:219.2,224.34 4 1
github.com/cccteam/ccc/resource/resourceset.go:224.34,226.3 1 0
github.com/cccteam/ccc/resource/resourceset.go:228.2,228.32 1 1
github.com/cccteam/ccc/resource/resourceset.go:228.32,229.58 1 0
github.com/cccteam/ccc/resource/resourceset.go:232.2,233.35 2 1
github.com/cccteam/ccc/resource/resourceset.go:233.35,235.3 1 0
github.com/cccteam/ccc/resource/resourceset.go:235.8,237.3 1 1
github.com/cccteam/ccc/resource/resourceset.go:238.2,245.19 3 1
github.com/cccteam/ccc/resource/resourceset.go:248.78,250.30 2 1
github.com/cccteam/ccc/resource/resourceset.go:250.30,255.56 4 1
github.com/cccteam/ccc/resource/resourceset.go:255.56,256.12 1 0
github.com/cccteam/ccc/resource/resourceset.go:259.3,259.77 1 1
github.com/cccteam/ccc/resource/resourceset.go:262.2,262.15 1 1
github.com/cccteam/ccc/resource/rpc_decoder.go:18.178,20.16 2 1
github.com/cccteam/ccc/resource/rpc_decoder.go:20.16,22.3 1 0
github.com/cccteam/ccc/resource/rpc_decoder.go:24.2,29.8 1 1
github.com/cccteam/ccc/resource/rpc_decoder.go:32.83,37.2 3 1
github.com/cccteam/ccc/resource/rpc_decoder.go:39.79,41.16 2 1
github.com/cccteam/ccc/resource/rpc_decoder.go:41.16,43.3 1 1
github.com/cccteam/ccc/resource/rpc_decoder.go:45.2,46.107 2 1
github.com/cccteam/ccc/resource/rpc_decoder.go:46.107,48.3 1 1
github.com/cccteam/ccc/resource/rpc_decoder.go:48.8,48.16 1 1
github.com/cccteam/ccc/resource/rpc_decoder.go:48.16,50.3 1 1
github.com/cccteam/ccc/resource/rpc_decoder.go:52.2,52.17 1 1
github.com/cccteam/ccc/resource/search.go:14.36,16.2 1 1
github.com/cccteam/ccc/resource/search.go:31.69,36.2 1 1
github.com/cccteam/ccc/resource/search.go:38.50,39.15 1 1
github.com/cccteam/ccc/resource/search.go:40.17,42.17 2 1
github.com/cccteam/ccc/resource/search.go:42.17,44.4 1 1
github.com/cccteam/ccc/resource/search.go:46.3,47.17 2 1
github.com/cccteam/ccc/resource/search.go:47.17,49.4 1 0
github.com/cccteam/ccc/resource/search.go:51.3,57.57 5 1
github.com/cccteam/ccc/resource/search.go:58.23,59.77 1 1
github.com/cccteam/ccc/resource/search.go:60.10,61.73 1 1
github.com/cccteam/ccc/resource/search.go:65.61,68.50 3 1
github.com/cccteam/ccc/resource/search.go:68.50,72.3 2 1
github.com/cccteam/ccc/resource/search.go:73.2,77.29 4 1
github.com/cccteam/ccc/resource/search.go:77.29,83.3 3 1
github.com/cccteam/ccc/resource/search.go:84.2,89.8 2 1
github.com/cccteam/ccc/resource/search.go:92.56,95.50 3 1
github.com/cccteam/ccc/resource/search.go:95.50,99.3 2 1
github.com/cccteam/ccc/resource/search.go:100.2,104.29 4 1
github.com/cccteam/ccc/resource/search.go:104.29,109.3 3 1
github.com/cccteam/ccc/resource/search.go:110.2,115.8 2 1
github.com/cccteam/ccc/resource/searchkeys.go:12.56,15.36 2 1
github.com/cccteam/ccc/resource/searchkeys.go:16.21,17.57 1 1
github.com/cccteam/ccc/resource/searchkeys.go:18.22,19.31 1 0
github.com/cccteam/ccc/resource/searchkeys.go:22.2,23.76 2 1
github.com/cccteam/ccc/resource/searchkeys.go:23.76,24.42 1 1
github.com/cccteam/ccc/resource/searchkeys.go:24.42,26.17 2 1
github.com/cccteam/ccc/resource/searchkeys.go:26.17,27.13 1 1
github.com/cccteam/ccc/resource/searchkeys.go:29.4,29.44 1 1
github.com/cccteam/ccc/resource/searchkeys.go:29.44,31.5 1 1
github.com/cccteam/ccc/resource/searchkeys.go:35.2,35.32 1 1
github.com/cccteam/ccc/resource/searchkeys.go:38.46,42.28 3 1
github.com/cccteam/ccc/resource/searchkeys.go:42.28,44.3 1 1
github.com/cccteam/ccc/resource/searchkeys.go:46.2,46.19 1 1
github.com/cccteam/ccc/resource/sqlgenerator.go:38.56,42.2 1 1
github.com/cccteam/ccc/resource/sqlgenerator.go:46.87,50.2 2 1
github.com/cccteam/ccc/resource/sqlgenerator.go:53.96,54.26 1 1
github.com/cccteam/ccc/resource/sqlgenerator.go:55.22,56.35 1 1
github.com/cccteam/ccc/resource/sqlgenerator.go:57.22,58.35 1 1
github.com/cccteam/ccc/resource/sqlgenerator.go:59.18,60.31 1 1
github.com/cccteam/ccc/resource/sqlgenerator.go:61.11,62.22 1 1
github.com/cccteam/ccc/resource/sqlgenerator.go:63.10,64.70 1 0
github.com/cccteam/ccc/resource/sqlgenerator.go:68.66,71.26 1 1
github.com/cccteam/ccc/resource/sqlgenerator.go:71.26,73.3 1 1
github.com/cccteam/ccc/resource/sqlgenerator.go:76.2,76.62 1 1
github.com/cccteam/ccc/resource/sqlgenerator.go:79.49,81.26 2 1
github.com/cccteam/ccc/resource/sqlgenerator.go:81.26,83.3 1 1
github.com/cccteam/ccc/resource/sqlgenerator.go:85.2,85.41 1 1
github.com/cccteam/ccc/resource/sqlgenerator.go:88.94,93.12 4 1
github.com/cccteam/ccc/resource/sqlgenerator.go:94.44,98.13 4 1
github.com/cccteam/ccc/resource/sqlgenerator.go:99.13,100.15 1 1
github.com/cccteam/ccc/resource/sqlgenerator.go:101.13,102.16 1 1
github.com/cccteam/ccc/resource/sqlgenerator.go:103.13,104.15 1 1
github.com/cccteam/ccc/resource/sqlgenerator.go:105.13,106.15 1 1
github.com/cccteam/ccc/resource/sqlgenerator.go:107.14,108.16 1 1
github.com/cccteam/ccc/resource/sqlgenerator.go:109.14,110.16 1 1
github.com/cccteam/ccc/resource/sqlgenerator.go:113.3,113.73 1 1
github.com/cccteam/ccc/resource/sqlgenerator.go:114.21,117.41 3 1
github.com/cccteam/ccc/resource/sqlgenerator.go:117.41,121.4 3 1
github.com/cccteam/ccc/resource/sqlgenerator.go:122.3,123.20 2 1
github.com/cccteam/ccc/resource/sqlgenerator.go:123.20,125.4 1 1
github.com/cccteam/ccc/resource/sqlgenerator.go:127.3,127.96 1 1
github.com/cccteam/ccc/resource/sqlgenerator.go:128.16,129.52 1 1
github.com/cccteam/ccc/resource/sqlgenerator.go:130.19,131.56 1 1
github.com/cccteam/ccc/resource/sqlgenerator.go:132.10,133.75 1 0
github.com/cccteam/ccc/resource/sqlgenerator.go:137.94,139.16 2 1
github.com/cccteam/ccc/resource/sqlgenerator.go:139.16,141.3 1 0
github.com/cccteam/ccc/resource/sqlgenerator.go:143.2,144.16 2 1
github.com/cccteam/ccc/resource/sqlgenerator.go:144.16,146.3 1 0
github.com/cccteam/ccc/resource/sqlgenerator.go:148.2,149.21 2 1
github.com/cccteam/ccc/resource/sqlgenerator.go:150.19,151.22 1 1
github.com/cccteam/ccc/resource/sqlgenerator.go:152.18,153.21 1 1
github.com/cccteam/ccc/resource/sqlgenerator.go:154.10,155.92 1 0
github.com/cccteam/ccc/resource/sqlgenerator.go:158.2,161.36 3 1
github.com/cccteam/ccc/resource/sqlgenerator.go:164.86,166.16 2 1
github.com/cccteam/ccc/resource/sqlgenerator.go:166.16,168.3 1 0
github.com/cccteam/ccc/resource/sqlgenerator.go:170.2,170.54 1 1
github.com/cccteam/ccc/resource/sqlgenerator.go:179.52,183.2 1 1
github.com/cccteam/ccc/resource/sqlgenerator.go:186.105,188.16 2 1
github.com/cccteam/ccc/resource/sqlgenerator.go:188.16,190.3 1 0
github.com/cccteam/ccc/resource/sqlgenerator.go:192.2,193.24 2 1
github.com/cccteam/ccc/resource/sqlgenerator.go:193.24,194.34 1 1
github.com/cccteam/ccc/resource/sqlgenerator.go:194.34,196.4 1 1
github.com/cccteam/ccc/resource/sqlgenerator.go:199.2,199.28 1 1
github.com/cccteam/ccc/resource/sqlgenerator.go:208.46,212.2 1 1
github.com/cccteam/ccc/resource/sqlgenerator.go:215.111,217.16 2 1
github.com/cccteam/ccc/resource/sqlgenerator.go:217.16,219.3 1 0
github.com/cccteam/ccc/resource/sqlgenerator.go:221.2,223.24 2 1
github.com/cccteam/ccc/resource/sqlgenerator.go:223.24,224.34 1 1
github.com/cccteam/ccc/resource/sqlgenerator.go:224.34,226.4 1 1
github.com/cccteam/ccc/resource/sqlgenerator.go:229.2,229.33 1 1
github.com/cccteam/ccc/resource/sqlgenerator.go:235.86,236.15 1 1
github.com/cccteam/ccc/resource/sqlgenerator.go:236.15,238.3 1 1
github.com/cccteam/ccc/resource/sqlgenerator.go:240.2,240.17 1 1
github.com/cccteam/ccc/resource/sqlgenerator.go:241.15,243.10 2 1
github.com/cccteam/ccc/resource/sqlgenerator.go:243.10,244.21 1 1
github.com/cccteam/ccc/resource/sqlgenerator.go:244.21,246.5 1 1
github.com/cccteam/ccc/resource/sqlgenerator.go:248.4,248.100 1 1
github.com/cccteam/ccc/resource/sqlgenerator.go:250.3,250.30 1 1
github.com/cccteam/ccc/resource/sqlgenerator.go:250.30,252.4 1 1
github.com/cccteam/ccc/resource/sqlgenerator.go:256.3,257.32 2 1
github.com/cccteam/ccc/resource/sqlgenerator.go:257.32,259.4 1 1
github.com/cccteam/ccc/resource/sqlgenerator.go:262.3,262.40 1 1
github.com/cccteam/ccc/resource/sqlgenerator.go:262.40,263.36 1 1
github.com/cccteam/ccc/resource/sqlgenerator.go:263.36,265.5 1 0
github.com/cccteam/ccc/resource/sqlgenerator.go:267.4,267.38 1 1
github.com/cccteam/ccc/resource/sqlgenerator.go:270.3,270.26 1 1
github.com/cccteam/ccc/resource/sqlgenerator.go:270.26,276.42 4 1
github.com/cccteam/ccc/resource/sqlgenerator.go:276.42,279.5 1 1
github.com/cccteam/ccc/resource/sqlgenerator.go:279.10,281.5 1 1
github.com/cccteam/ccc/resource/sqlgenerator.go:284.4,284.54 1 1
github.com/cccteam/ccc/resource/sqlgenerator.go:287.18,289.10 2 1
github.com/cccteam/ccc/resource/sqlgenerator.go:289.10,290.21 1 1
github.com/cccteam/ccc/resource/sqlgenerator.go:290.21,292.5 1 1
github.com/cccteam/ccc/resource/sqlgenerator.go:294.4,294.94 1 1
github.com/cccteam/ccc/resource/sqlgenerator.go:296.3,296.25 1 1
github.com/cccteam/ccc/resource/sqlgenerator.go:296.25,298.4 1 0
github.com/cccteam/ccc/resource/sqlgenerator.go:301.3,301.43 1 1
github.com/cccteam/ccc/resource/sqlgenerator.go:301.43,307.42 4 1
github.com/cccteam/ccc/resource/sqlgenerator.go:307.42,310.5 1 1
github.com/cccteam/ccc/resource/sqlgenerator.go:310.10,312.5 1 1
github.com/cccteam/ccc/resource/sqlgenerator.go:313.4,313.54 1 1
github.com/cccteam/ccc/resource/sqlgenerator.go:316.10,317.85 1 1
github.com/cccteam/ccc/resource/sqlgenerator.go:320.2,320.17 1 1
github.com/cccteam/ccc/resource/struct_decoder.go:12.54,14.2 1 0
github.com/cccteam/ccc/resource/struct_decoder.go:16.45,18.2 1 1
github.com/cccteam/ccc/resource/struct_decoder.go:27.71,31.16 3 1
github.com/cccteam/ccc/resource/struct_decoder.go:31.16,33.3 1 1
github.com/cccteam/ccc/resource/struct_decoder.go:35.2,36.16 2 1
github.com/cccteam/ccc/resource/struct_decoder.go:36.16,38.3 1 0
github.com/cccteam/ccc/resource/struct_decoder.go:40.2,43.8 1 1
github.com/cccteam/ccc/resource/struct_decoder.go:46.89,51.2 3 1
github.com/cccteam/ccc/resource/struct_decoder.go:53.82,55.16 2 1
github.com/cccteam/ccc/resource/struct_decoder.go:55.16,57.3 1 1
github.com/cccteam/ccc/resource/struct_decoder.go:59.2,59.20 1 1
github.com/cccteam/ccc/resource/tokentype_string.go:23.36,24.54 1 1
github.com/cccteam/ccc/resource/tokentype_string.go:24.54,26.3 1 0
github.com/cccteam/ccc/resource/tokentype_string.go:27.2,27.67 1 1
github.com/cccteam/ccc/resource/types.go:41.67,43.2 1 0
github.com/cccteam/ccc/resource/types.go:47.70,49.2 1 0
